Log file open, 05/25/20 14:35:30
LogWindows: Failed to load 'aqProf.dll' (GetLastError=126)
LogWindows: File 'aqProf.dll' does not exist
LogWindows: Failed to load 'VtuneApi.dll' (GetLastError=126)
LogWindows: File 'VtuneApi.dll' does not exist
LogWindows: Failed to load 'VtuneApi32e.dll' (GetLastError=126)
LogWindows: File 'VtuneApi32e.dll' does not exist
LogConsoleResponse: Display: Failed to find resolution value strings in scalability ini. Falling back to default.
LogInit: Display: Running engine for game: MultiplayerTemplate
LogPlatformFile: Not using cached read wrapper
LogTaskGraph: Started task graph with 5 named threads and 14 total threads with 3 sets of task threads.
LogStats: Stats thread started at 0.063099
LogD3D11RHI: Loaded GFSDK_Aftermath_Lib.x64.dll
LogICUInternationalization: ICU TimeZone Detection - Raw Offset: +3:00, Platform Override: ''
LogPluginManager: Mounting plugin Paper2D
LogPluginManager: Mounting plugin AISupport
LogPluginManager: Mounting plugin LightPropagationVolume
LogPluginManager: Mounting plugin ActorLayerUtilities
LogPluginManager: Mounting plugin AnimationSharing
LogPluginManager: Mounting plugin CLionSourceCodeAccess
LogPluginManager: Mounting plugin CodeLiteSourceCodeAccess
LogPluginManager: Mounting plugin GitSourceControl
LogPluginManager: Mounting plugin KDevelopSourceCodeAccess
LogPluginManager: Mounting plugin NullSourceCodeAccess
LogPluginManager: Mounting plugin PerforceSourceControl
LogPluginManager: Mounting plugin SubversionSourceControl
LogPluginManager: Mounting plugin UObjectPlugin
LogPluginManager: Mounting plugin VisualStudioCodeSourceCodeAccess
LogPluginManager: Mounting plugin VisualStudioSourceCodeAccess
LogPluginManager: Mounting plugin XCodeSourceCodeAccess
LogPluginManager: Mounting plugin AssetManagerEditor
LogPluginManager: Mounting plugin CryptoKeys
LogPluginManager: Mounting plugin CurveEditorTools
LogPluginManager: Mounting plugin DataValidation
LogPluginManager: Mounting plugin FacialAnimation
LogPluginManager: Mounting plugin GameplayTagsEditor
LogPluginManager: Mounting plugin MacGraphicsSwitching
LogPluginManager: Mounting plugin MaterialAnalyzer
LogPluginManager: Mounting plugin MobileLauncherProfileWizard
LogPluginManager: Mounting plugin PluginBrowser
LogPluginManager: Mounting plugin SpeedTreeImporter
LogPluginManager: Mounting plugin DatasmithContent
LogPluginManager: Mounting plugin VariantManagerContent
LogPluginManager: Mounting plugin AlembicImporter
LogPluginManager: Mounting plugin AutomationUtils
LogPluginManager: Mounting plugin BackChannel
LogPluginManager: Mounting plugin CharacterAI
LogPluginManager: Mounting plugin GeometryCache
LogPluginManager: Mounting plugin HTML5Networking
LogPluginManager: Mounting plugin PlatformCrypto
LogPluginManager: Mounting plugin ProxyLODPlugin
LogPluginManager: Mounting plugin SkeletalReduction
LogPluginManager: Mounting plugin MagicLeap
LogPluginManager: Mounting plugin MagicLeapMedia
LogPluginManager: Mounting plugin AndroidMedia
LogPluginManager: Mounting plugin AvfMedia
LogPluginManager: Mounting plugin ImgMedia
LogPluginManager: Mounting plugin MediaCompositing
LogPluginManager: Mounting plugin MediaPlayerEditor
LogPluginManager: Mounting plugin WebMMedia
LogPluginManager: Mounting plugin WmfMedia
LogPluginManager: Mounting plugin TcpMessaging
LogPluginManager: Mounting plugin UdpMessaging
LogPluginManager: Mounting plugin ActorSequence
LogPluginManager: Mounting plugin LevelSequenceEditor
LogPluginManager: Mounting plugin MatineeToLevelSequence
LogPluginManager: Mounting plugin NetcodeUnitTest
LogPluginManager: Mounting plugin NUTUnrealEngine4
LogPluginManager: Mounting plugin OnlineSubsystemGooglePlay
LogPluginManager: Mounting plugin OnlineSubsystemIOS
LogPluginManager: Mounting plugin OnlineSubsystem
LogPluginManager: Mounting plugin OnlineSubsystemNull
LogPluginManager: Mounting plugin OnlineSubsystemSteam
LogPluginManager: Mounting plugin OnlineSubsystemUtils
LogPluginManager: Mounting plugin LauncherChunkInstaller
LogPluginManager: Mounting plugin AndroidDeviceProfileSelector
LogPluginManager: Mounting plugin AndroidMoviePlayer
LogPluginManager: Mounting plugin AndroidPermission
LogPluginManager: Mounting plugin AppleImageUtils
LogPluginManager: Mounting plugin AppleMoviePlayer
LogPluginManager: Mounting plugin ArchVisCharacter
LogPluginManager: Mounting plugin AudioCapture
LogPluginManager: Mounting plugin CableComponent
LogPluginManager: Mounting plugin CustomMeshComponent
LogPluginManager: Mounting plugin EditableMesh
LogPluginManager: Mounting plugin ExampleDeviceProfileSelector
LogPluginManager: Mounting plugin GoogleCloudMessaging
LogPluginManager: Mounting plugin IOSDeviceProfileSelector
LogPluginManager: Mounting plugin LinuxDeviceProfileSelector
LogPluginManager: Mounting plugin LocationServicesBPLibrary
LogPluginManager: Mounting plugin MobilePatchingUtils
LogPluginManager: Mounting plugin OculusVR
LogPluginManager: Mounting plugin PhysXVehicles
LogPluginManager: Mounting plugin ProceduralMeshComponent
LogPluginManager: Mounting plugin RuntimePhysXCooking
LogPluginManager: Mounting plugin SignificanceManager
LogPluginManager: Mounting plugin SteamController
LogPluginManager: Mounting plugin SteamVR
LogPluginManager: Mounting plugin WebMMoviePlayer
LogPluginManager: Mounting plugin WindowsMoviePlayer
LogPluginManager: Mounting plugin ScreenshotTools
LogPluginManager: Mounting plugin AdvancedSessions
LogPluginManager: Mounting plugin AdvancedSteamSessions
LogInit: Using libcurl 7.55.1-DEV
LogInit:  - built for x86_64-pc-win32
LogInit:  - supports SSL with OpenSSL/1.1.1
LogInit:  - supports HTTP deflate (compression) using libz 1.2.8
LogInit:  - other features:
LogInit:      CURL_VERSION_SSL
LogInit:      CURL_VERSION_LIBZ
LogInit:      CURL_VERSION_IPV6
LogInit:      CURL_VERSION_ASYNCHDNS
LogInit:      CURL_VERSION_LARGEFILE
LogInit:      CURL_VERSION_IDN
LogInit:  CurlRequestOptions (configurable via config and command line):
LogInit:  - bVerifyPeer = true  - Libcurl will verify peer certificate
LogInit:  - bUseHttpProxy = false  - Libcurl will NOT use HTTP proxy
LogInit:  - bDontReuseConnections = false  - Libcurl will reuse connections
LogInit:  - MaxHostConnections = 16  - Libcurl will limit the number of connections to a host
LogInit:  - LocalHostAddr = Default
LogInit:  - BufferSize = 65536
LogOnline: Display: STEAM: Loading Steam SDK 1.42
LogOnline: OSS: Creating online subsystem instance for: Steam
LogOnline: Display: STEAM: OnlineSubsystemSteam::Shutdown()
LogOnline: OSS: Unable to create OnlineSubsystem module Steam
LogOnline: OSS: Creating online subsystem instance for: NULL
LogInit: WinSock: version 1.1 (2.2), MaxSocks=32767, MaxUdp=65467
LogInit: Build: ++UE4+Release-4.23-CL-9631420
LogInit: Engine Version: 4.23.1-9631420+++UE4+Release-4.23
LogInit: Compatible Engine Version: 4.23.0-8386587+++UE4+Release-4.23
LogInit: Net CL: 8386587
LogInit: OS: Windows 10 (Release 1909) (), CPU: Intel(R) Core(TM) i5-7400 CPU @ 3.00GHz, GPU: NVIDIA GeForce GTX 1050 Ti
LogInit: Compiled (64-bit): Oct 18 2019 02:07:44
LogInit: Compiled with Visual C++: 19.16.27030.01
LogInit: Build Configuration: Development
LogInit: Branch Name: ++UE4+Release-4.23
LogInit: Command Line: 
LogInit: Base Directory: E:/Epic Games/UE_4.23/Engine/Binaries/Win64/
LogInit: Installed Engine Build: 1
LogDevObjectVersion: Number of dev versions registered: 23
LogDevObjectVersion:   Dev-Blueprints (B0D832E4-1F89-4F0D-ACCF-7EB736FD4AA2): 10
LogDevObjectVersion:   Dev-Build (E1C64328-A22C-4D53-A36C-8E866417BD8C): 0
LogDevObjectVersion:   Dev-Core (375EC13C-06E4-48FB-B500-84F0262A717E): 3
LogDevObjectVersion:   Dev-Editor (E4B068ED-F494-42E9-A231-DA0B2E46BB41): 34
LogDevObjectVersion:   Dev-Framework (CFFC743F-43B0-4480-9391-14DF171D2073): 35
LogDevObjectVersion:   Dev-Mobile (B02B49B5-BB20-44E9-A304-32B752E40360): 2
LogDevObjectVersion:   Dev-Networking (A4E4105C-59A1-49B5-A7C5-40C4547EDFEE): 0
LogDevObjectVersion:   Dev-Online (39C831C9-5AE6-47DC-9A44-9C173E1C8E7C): 0
LogDevObjectVersion:   Dev-Physics (78F01B33-EBEA-4F98-B9B4-84EACCB95AA2): 0
LogDevObjectVersion:   Dev-Platform (6631380F-2D4D-43E0-8009-CF276956A95A): 0
LogDevObjectVersion:   Dev-Rendering (12F88B9F-8875-4AFC-A67C-D90C383ABD29): 31
LogDevObjectVersion:   Dev-Sequencer (7B5AE74C-D270-4C10-A958-57980B212A5A): 11
LogDevObjectVersion:   Dev-VR (D7296918-1DD6-4BDD-9DE2-64A83CC13884): 2
LogDevObjectVersion:   Dev-LoadTimes (C2A15278-BFE7-4AFE-6C17-90FF531DF755): 1
LogDevObjectVersion:   Private-Geometry (6EACA3D4-40EC-4CC1-B786-8BED09428FC5): 3
LogDevObjectVersion:   Dev-AnimPhys (29E575DD-E0A3-4627-9D10-D276232CDCEA): 17
LogDevObjectVersion:   Dev-Anim (AF43A65D-7FD3-4947-9873-3E8ED9C1BB05): 2
LogDevObjectVersion:   Dev-ReflectionCapture (6B266CEC-1EC7-4B8F-A30B-E4D90942FC07): 1
LogDevObjectVersion:   Dev-Automation (0DF73D61-A23F-47EA-B727-89E90C41499A): 1
LogDevObjectVersion:   FortniteMain (601D1886-AC64-4F84-AA16-D3DE0DEAC7D6): 27
LogDevObjectVersion:   Dev-Enterprise (9DFFBCD6-494F-0158-E221-12823C92A888): 6
LogDevObjectVersion:   Dev-Niagara (F2AED0AC-9AFE-416F-8664-AA7FFA26D6FC): 1
LogDevObjectVersion:   Dev-Destruction (174F1F0B-B4C6-45A5-B13F-2EE8D0FB917D): 9
LogInit: Presizing for max 16777216 objects, including 0 objects not considered by GC, pre-allocating 0 bytes for permanent pool.
LogInit: Object subsystem initialized
LogConfig: Setting CVar [[con.DebugEarlyDefault:1]]
LogConfig: Setting CVar [[r.setres:1280x720]]
[2020.05.25-11.35.30:705][  0]LogConfig: Setting CVar [[r.VSync:0]]
[2020.05.25-11.35.30:705][  0]LogConfig: Setting CVar [[r.RHICmdBypass:0]]
[2020.05.25-11.35.30:705][  0]LogConfig: Applying CVar settings from Section [/Script/Engine.RendererSettings] File [E:/Unreal Projects/Level-multiplayer/Level_multiplayer/Saved/Config/Windows/Engine.ini]
[2020.05.25-11.35.30:705][  0]LogConfig: Setting CVar [[r.GPUCrashDebugging:0]]
[2020.05.25-11.35.30:705][  0]LogConfig: Applying CVar settings from Section [/Script/Engine.RendererOverrideSettings] File [E:/Unreal Projects/Level-multiplayer/Level_multiplayer/Saved/Config/Windows/Engine.ini]
[2020.05.25-11.35.30:705][  0]LogConfig: Applying CVar settings from Section [/Script/Engine.StreamingSettings] File [E:/Unreal Projects/Level-multiplayer/Level_multiplayer/Saved/Config/Windows/Engine.ini]
[2020.05.25-11.35.30:705][  0]LogConfig: Setting CVar [[s.MinBulkDataSizeForAsyncLoading:131072]]
[2020.05.25-11.35.30:705][  0]LogConfig: Setting CVar [[s.AsyncLoadingThreadEnabled:0]]
[2020.05.25-11.35.30:705][  0]LogConfig: Setting CVar [[s.EventDrivenLoaderEnabled:1]]
[2020.05.25-11.35.30:705][  0]LogConfig: Setting CVar [[s.WarnIfTimeLimitExceeded:0]]
[2020.05.25-11.35.30:705][  0]LogConfig: Setting CVar [[s.TimeLimitExceededMultiplier:1.5]]
[2020.05.25-11.35.30:705][  0]LogConfig: Setting CVar [[s.TimeLimitExceededMinTime:0.005]]
[2020.05.25-11.35.30:705][  0]LogConfig: Setting CVar [[s.UseBackgroundLevelStreaming:1]]
[2020.05.25-11.35.30:705][  0]LogConfig: Setting CVar [[s.PriorityAsyncLoadingExtraTime:15.0]]
[2020.05.25-11.35.30:705][  0]LogConfig: Setting CVar [[s.LevelStreamingActorsUpdateTimeLimit:5.0]]
[2020.05.25-11.35.30:705][  0]LogConfig: Setting CVar [[s.PriorityLevelStreamingActorsUpdateExtraTime:5.0]]
[2020.05.25-11.35.30:705][  0]LogConfig: Setting CVar [[s.LevelStreamingComponentsRegistrationGranularity:10]]
[2020.05.25-11.35.30:705][  0]LogConfig: Setting CVar [[s.UnregisterComponentsTimeLimit:1.0]]
[2020.05.25-11.35.30:705][  0]LogConfig: Setting CVar [[s.LevelStreamingComponentsUnregistrationGranularity:5]]
[2020.05.25-11.35.30:705][  0]LogConfig: Applying CVar settings from Section [/Script/Engine.GarbageCollectionSettings] File [E:/Unreal Projects/Level-multiplayer/Level_multiplayer/Saved/Config/Windows/Engine.ini]
[2020.05.25-11.35.30:705][  0]LogConfig: Setting CVar [[gc.MaxObjectsNotConsideredByGC:1]]
[2020.05.25-11.35.30:705][  0]LogConfig: Setting CVar [[gc.SizeOfPermanentObjectPool:0]]
[2020.05.25-11.35.30:705][  0]LogConfig: Setting CVar [[gc.FlushStreamingOnGC:0]]
[2020.05.25-11.35.30:705][  0]LogConfig: Setting CVar [[gc.NumRetriesBeforeForcingGC:10]]
[2020.05.25-11.35.30:705][  0]LogConfig: Setting CVar [[gc.AllowParallelGC:1]]
[2020.05.25-11.35.30:705][  0]LogConfig: Setting CVar [[gc.TimeBetweenPurgingPendingKillObjects:61.1]]
[2020.05.25-11.35.30:705][  0]LogConfig: Setting CVar [[gc.MaxObjectsInEditor:16777216]]
[2020.05.25-11.35.30:705][  0]LogConfig: Setting CVar [[gc.IncrementalBeginDestroyEnabled:1]]
[2020.05.25-11.35.30:705][  0]LogConfig: Setting CVar [[gc.CreateGCClusters:1]]
[2020.05.25-11.35.30:705][  0]LogConfig: Setting CVar [[gc.MinGCClusterSize:5]]
[2020.05.25-11.35.30:705][  0]LogConfig: Setting CVar [[gc.ActorClusteringEnabled:0]]
[2020.05.25-11.35.30:705][  0]LogConfig: Setting CVar [[gc.BlueprintClusteringEnabled:0]]
[2020.05.25-11.35.30:705][  0]LogConfig: Setting CVar [[gc.UseDisregardForGCOnDedicatedServers:0]]
[2020.05.25-11.35.30:705][  0]LogConfig: Applying CVar settings from Section [/Script/Engine.NetworkSettings] File [E:/Unreal Projects/Level-multiplayer/Level_multiplayer/Saved/Config/Windows/Engine.ini]
[2020.05.25-11.35.30:705][  0]LogConfig: Applying CVar settings from Section [/Script/UnrealEd.CookerSettings] File [E:/Unreal Projects/Level-multiplayer/Level_multiplayer/Saved/Config/Windows/Engine.ini]
[2020.05.25-11.35.30:708][  0]LogConfig: Applying CVar settings from Section [ViewDistanceQuality@3] File [E:/Unreal Projects/Level-multiplayer/Level_multiplayer/Saved/Config/Windows/Scalability.ini]
[2020.05.25-11.35.30:708][  0]LogConfig: Setting CVar [[r.SkeletalMeshLODBias:0]]
[2020.05.25-11.35.30:708][  0]LogConfig: Setting CVar [[r.ViewDistanceScale:1.0]]
[2020.05.25-11.35.30:708][  0]LogConfig: Applying CVar settings from Section [AntiAliasingQuality@3] File [E:/Unreal Projects/Level-multiplayer/Level_multiplayer/Saved/Config/Windows/Scalability.ini]
[2020.05.25-11.35.30:708][  0]LogConfig: Setting CVar [[r.PostProcessAAQuality:4]]
[2020.05.25-11.35.30:708][  0]LogConfig: Applying CVar settings from Section [ShadowQuality@3] File [E:/Unreal Projects/Level-multiplayer/Level_multiplayer/Saved/Config/Windows/Scalability.ini]
[2020.05.25-11.35.30:708][  0]LogConfig: Setting CVar [[r.LightFunctionQuality:1]]
[2020.05.25-11.35.30:708][  0]LogConfig: Setting CVar [[r.ShadowQuality:5]]
[2020.05.25-11.35.30:708][  0]LogConfig: Setting CVar [[r.Shadow.CSM.MaxCascades:10]]
[2020.05.25-11.35.30:708][  0]LogConfig: Setting CVar [[r.Shadow.MaxResolution:2048]]
[2020.05.25-11.35.30:708][  0]LogConfig: Setting CVar [[r.Shadow.MaxCSMResolution:2048]]
[2020.05.25-11.35.30:708][  0]LogConfig: Setting CVar [[r.Shadow.RadiusThreshold:0.01]]
[2020.05.25-11.35.30:708][  0]LogConfig: Setting CVar [[r.Shadow.DistanceScale:1.0]]
[2020.05.25-11.35.30:708][  0]LogConfig: Setting CVar [[r.Shadow.CSM.TransitionScale:1.0]]
[2020.05.25-11.35.30:708][  0]LogConfig: Setting CVar [[r.Shadow.PreShadowResolutionFactor:1.0]]
[2020.05.25-11.35.30:708][  0]LogConfig: Setting CVar [[r.DistanceFieldShadowing:1]]
[2020.05.25-11.35.30:708][  0]LogConfig: Setting CVar [[r.DistanceFieldAO:1]]
[2020.05.25-11.35.30:708][  0]LogConfig: Setting CVar [[r.AOQuality:2]]
[2020.05.25-11.35.30:708][  0]LogConfig: Setting CVar [[r.VolumetricFog:1]]
[2020.05.25-11.35.30:708][  0]LogConfig: Setting CVar [[r.VolumetricFog.GridPixelSize:8]]
[2020.05.25-11.35.30:708][  0]LogConfig: Setting CVar [[r.VolumetricFog.GridSizeZ:128]]
[2020.05.25-11.35.30:708][  0]LogConfig: Setting CVar [[r.VolumetricFog.HistoryMissSupersampleCount:4]]
[2020.05.25-11.35.30:708][  0]LogConfig: Setting CVar [[r.LightMaxDrawDistanceScale:1]]
[2020.05.25-11.35.30:708][  0]LogConfig: Setting CVar [[r.CapsuleShadows:1]]
[2020.05.25-11.35.30:708][  0]LogConfig: Applying CVar settings from Section [PostProcessQuality@3] File [E:/Unreal Projects/Level-multiplayer/Level_multiplayer/Saved/Config/Windows/Scalability.ini]
[2020.05.25-11.35.30:708][  0]LogConfig: Setting CVar [[r.MotionBlurQuality:4]]
[2020.05.25-11.35.30:708][  0]LogConfig: Setting CVar [[r.AmbientOcclusionMipLevelFactor:0.4]]
[2020.05.25-11.35.30:708][  0]LogConfig: Setting CVar [[r.AmbientOcclusionMaxQuality:100]]
[2020.05.25-11.35.30:708][  0]LogConfig: Setting CVar [[r.AmbientOcclusionLevels:-1]]
[2020.05.25-11.35.30:708][  0]LogConfig: Setting CVar [[r.AmbientOcclusionRadiusScale:1.0]]
[2020.05.25-11.35.30:708][  0]LogConfig: Setting CVar [[r.DepthOfFieldQuality:2]]
[2020.05.25-11.35.30:708][  0]LogConfig: Setting CVar [[r.RenderTargetPoolMin:400]]
[2020.05.25-11.35.30:708][  0]LogConfig: Setting CVar [[r.LensFlareQuality:2]]
[2020.05.25-11.35.30:708][  0]LogConfig: Setting CVar [[r.SceneColorFringeQuality:1]]
[2020.05.25-11.35.30:708][  0]LogConfig: Setting CVar [[r.EyeAdaptationQuality:2]]
[2020.05.25-11.35.30:708][  0]LogConfig: Setting CVar [[r.BloomQuality:5]]
[2020.05.25-11.35.30:708][  0]LogConfig: Setting CVar [[r.FastBlurThreshold:100]]
[2020.05.25-11.35.30:708][  0]LogConfig: Setting CVar [[r.Upscale.Quality:3]]
[2020.05.25-11.35.30:708][  0]LogConfig: Setting CVar [[r.Tonemapper.GrainQuantization:1]]
[2020.05.25-11.35.30:708][  0]LogConfig: Setting CVar [[r.LightShaftQuality:1]]
[2020.05.25-11.35.30:708][  0]LogConfig: Setting CVar [[r.Filter.SizeScale:1]]
[2020.05.25-11.35.30:708][  0]LogConfig: Setting CVar [[r.Tonemapper.Quality:5]]
[2020.05.25-11.35.30:708][  0]LogConfig: Setting CVar [[r.DOF.Gather.AccumulatorQuality:1        ; higher gathering accumulator quality]]
[2020.05.25-11.35.30:708][  0]LogConfig: Setting CVar [[r.DOF.Gather.PostfilterMethod:1          ; Median3x3 postfilering method]]
[2020.05.25-11.35.30:708][  0]LogConfig: Setting CVar [[r.DOF.Gather.EnableBokehSettings:0       ; no bokeh simulation when gathering]]
[2020.05.25-11.35.30:708][  0]LogConfig: Setting CVar [[r.DOF.Gather.RingCount:4                 ; medium number of samples when gathering]]
[2020.05.25-11.35.30:708][  0]LogConfig: Setting CVar [[r.DOF.Scatter.ForegroundCompositing:1    ; additive foreground scattering]]
[2020.05.25-11.35.30:708][  0]LogConfig: Setting CVar [[r.DOF.Scatter.BackgroundCompositing:2    ; additive background scattering]]
[2020.05.25-11.35.30:708][  0]LogConfig: Setting CVar [[r.DOF.Scatter.EnableBokehSettings:1      ; bokeh simulation when scattering]]
[2020.05.25-11.35.30:708][  0]LogConfig: Setting CVar [[r.DOF.Scatter.MaxSpriteRatio:0.1         ; only a maximum of 10% of scattered bokeh]]
[2020.05.25-11.35.30:708][  0]LogConfig: Setting CVar [[r.DOF.Recombine.Quality:1                ; cheap slight out of focus]]
[2020.05.25-11.35.30:708][  0]LogConfig: Setting CVar [[r.DOF.Recombine.EnableBokehSettings:0    ; no bokeh simulation on slight out of focus]]
[2020.05.25-11.35.30:708][  0]LogConfig: Setting CVar [[r.DOF.TemporalAAQuality:1                ; more stable temporal accumulation]]
[2020.05.25-11.35.30:708][  0]LogConfig: Setting CVar [[r.DOF.Kernel.MaxForegroundRadius:0.025]]
[2020.05.25-11.35.30:708][  0]LogConfig: Setting CVar [[r.DOF.Kernel.MaxBackgroundRadius:0.025]]
[2020.05.25-11.35.30:708][  0]LogConfig: Applying CVar settings from Section [TextureQuality@3] File [E:/Unreal Projects/Level-multiplayer/Level_multiplayer/Saved/Config/Windows/Scalability.ini]
[2020.05.25-11.35.30:708][  0]LogConfig: Setting CVar [[r.Streaming.MipBias:0]]
[2020.05.25-11.35.30:708][  0]LogConfig: Setting CVar [[r.Streaming.AmortizeCPUToGPUCopy:0]]
[2020.05.25-11.35.30:708][  0]LogConfig: Setting CVar [[r.Streaming.MaxNumTexturesToStreamPerFrame:0]]
[2020.05.25-11.35.30:708][  0]LogConfig: Setting CVar [[r.Streaming.Boost:1]]
[2020.05.25-11.35.30:708][  0]LogConfig: Setting CVar [[r.MaxAnisotropy:8]]
[2020.05.25-11.35.30:708][  0]LogConfig: Setting CVar [[r.Streaming.LimitPoolSizeToVRAM:0]]
[2020.05.25-11.35.30:708][  0]LogConfig: Setting CVar [[r.Streaming.PoolSize:1000]]
[2020.05.25-11.35.30:708][  0]LogConfig: Setting CVar [[r.Streaming.MaxEffectiveScreenSize:0]]
[2020.05.25-11.35.30:708][  0]LogConfig: Applying CVar settings from Section [EffectsQuality@3] File [E:/Unreal Projects/Level-multiplayer/Level_multiplayer/Saved/Config/Windows/Scalability.ini]
[2020.05.25-11.35.30:708][  0]LogConfig: Setting CVar [[r.TranslucencyLightingVolumeDim:64]]
[2020.05.25-11.35.30:708][  0]LogConfig: Setting CVar [[r.RefractionQuality:2]]
[2020.05.25-11.35.30:709][  0]LogConfig: Setting CVar [[r.SSR.Quality:3]]
[2020.05.25-11.35.30:709][  0]LogConfig: Setting CVar [[r.SceneColorFormat:4]]
[2020.05.25-11.35.30:709][  0]LogConfig: Setting CVar [[r.DetailMode:2]]
[2020.05.25-11.35.30:709][  0]LogConfig: Setting CVar [[r.TranslucencyVolumeBlur:1]]
[2020.05.25-11.35.30:709][  0]LogConfig: Setting CVar [[r.MaterialQualityLevel:1 ; High quality]]
[2020.05.25-11.35.30:709][  0]LogConfig: Setting CVar [[r.SSS.Scale:1]]
[2020.05.25-11.35.30:709][  0]LogConfig: Setting CVar [[r.SSS.SampleSet:2]]
[2020.05.25-11.35.30:709][  0]LogConfig: Setting CVar [[r.SSS.Quality:1]]
[2020.05.25-11.35.30:709][  0]LogConfig: Setting CVar [[r.SSS.HalfRes:1]]
[2020.05.25-11.35.30:709][  0]LogConfig: Setting CVar [[r.EmitterSpawnRateScale:1.0]]
[2020.05.25-11.35.30:709][  0]LogConfig: Setting CVar [[r.ParticleLightQuality:2]]
[2020.05.25-11.35.30:709][  0]LogConfig: Applying CVar settings from Section [FoliageQuality@3] File [E:/Unreal Projects/Level-multiplayer/Level_multiplayer/Saved/Config/Windows/Scalability.ini]
[2020.05.25-11.35.30:709][  0]LogConfig: Setting CVar [[foliage.DensityScale:1.0]]
[2020.05.25-11.35.30:709][  0]LogConfig: Setting CVar [[grass.DensityScale:1.0]]
[2020.05.25-11.35.30:709][  0]LogInit: Selected Device Profile: [Windows]
[2020.05.25-11.35.30:709][  0]LogInit: Applying CVar settings loaded from the selected device profile: [Windows]
[2020.05.25-11.35.30:711][  0]LogHAL: Display: Platform has ~ 8 GB [8530468864 / 8589934592 / 8], which maps to Default [LargestMinGB=32, LargerMinGB=12, DefaultMinGB=8, SmallerMinGB=6, SmallestMinGB=0)
[2020.05.25-11.35.30:711][  0]LogInit: Going up to parent DeviceProfile []
[2020.05.25-11.35.30:711][  0]LogConfig: Applying CVar settings from Section [ViewDistanceQuality@3] File [E:/Unreal Projects/Level-multiplayer/Level_multiplayer/Saved/Config/Windows/Scalability.ini]
[2020.05.25-11.35.30:711][  0]LogConfig: Setting CVar [[r.SkeletalMeshLODBias:0]]
[2020.05.25-11.35.30:711][  0]LogConfig: Setting CVar [[r.ViewDistanceScale:1.0]]
[2020.05.25-11.35.30:711][  0]LogConfig: Applying CVar settings from Section [AntiAliasingQuality@3] File [E:/Unreal Projects/Level-multiplayer/Level_multiplayer/Saved/Config/Windows/Scalability.ini]
[2020.05.25-11.35.30:711][  0]LogConfig: Setting CVar [[r.PostProcessAAQuality:4]]
[2020.05.25-11.35.30:711][  0]LogConfig: Applying CVar settings from Section [ShadowQuality@3] File [E:/Unreal Projects/Level-multiplayer/Level_multiplayer/Saved/Config/Windows/Scalability.ini]
[2020.05.25-11.35.30:711][  0]LogConfig: Setting CVar [[r.LightFunctionQuality:1]]
[2020.05.25-11.35.30:711][  0]LogConfig: Setting CVar [[r.ShadowQuality:5]]
[2020.05.25-11.35.30:711][  0]LogConfig: Setting CVar [[r.Shadow.CSM.MaxCascades:10]]
[2020.05.25-11.35.30:711][  0]LogConfig: Setting CVar [[r.Shadow.MaxResolution:2048]]
[2020.05.25-11.35.30:711][  0]LogConfig: Setting CVar [[r.Shadow.MaxCSMResolution:2048]]
[2020.05.25-11.35.30:711][  0]LogConfig: Setting CVar [[r.Shadow.RadiusThreshold:0.01]]
[2020.05.25-11.35.30:711][  0]LogConfig: Setting CVar [[r.Shadow.DistanceScale:1.0]]
[2020.05.25-11.35.30:711][  0]LogConfig: Setting CVar [[r.Shadow.CSM.TransitionScale:1.0]]
[2020.05.25-11.35.30:711][  0]LogConfig: Setting CVar [[r.Shadow.PreShadowResolutionFactor:1.0]]
[2020.05.25-11.35.30:711][  0]LogConfig: Setting CVar [[r.DistanceFieldShadowing:1]]
[2020.05.25-11.35.30:711][  0]LogConfig: Setting CVar [[r.DistanceFieldAO:1]]
[2020.05.25-11.35.30:711][  0]LogConfig: Setting CVar [[r.AOQuality:2]]
[2020.05.25-11.35.30:711][  0]LogConfig: Setting CVar [[r.VolumetricFog:1]]
[2020.05.25-11.35.30:711][  0]LogConfig: Setting CVar [[r.VolumetricFog.GridPixelSize:8]]
[2020.05.25-11.35.30:711][  0]LogConfig: Setting CVar [[r.VolumetricFog.GridSizeZ:128]]
[2020.05.25-11.35.30:711][  0]LogConfig: Setting CVar [[r.VolumetricFog.HistoryMissSupersampleCount:4]]
[2020.05.25-11.35.30:711][  0]LogConfig: Setting CVar [[r.LightMaxDrawDistanceScale:1]]
[2020.05.25-11.35.30:711][  0]LogConfig: Setting CVar [[r.CapsuleShadows:1]]
[2020.05.25-11.35.30:711][  0]LogConfig: Applying CVar settings from Section [PostProcessQuality@3] File [E:/Unreal Projects/Level-multiplayer/Level_multiplayer/Saved/Config/Windows/Scalability.ini]
[2020.05.25-11.35.30:711][  0]LogConfig: Setting CVar [[r.MotionBlurQuality:4]]
[2020.05.25-11.35.30:711][  0]LogConfig: Setting CVar [[r.AmbientOcclusionMipLevelFactor:0.4]]
[2020.05.25-11.35.30:712][  0]LogConfig: Setting CVar [[r.AmbientOcclusionMaxQuality:100]]
[2020.05.25-11.35.30:712][  0]LogConfig: Setting CVar [[r.AmbientOcclusionLevels:-1]]
[2020.05.25-11.35.30:712][  0]LogConfig: Setting CVar [[r.AmbientOcclusionRadiusScale:1.0]]
[2020.05.25-11.35.30:712][  0]LogConfig: Setting CVar [[r.DepthOfFieldQuality:2]]
[2020.05.25-11.35.30:712][  0]LogConfig: Setting CVar [[r.RenderTargetPoolMin:400]]
[2020.05.25-11.35.30:712][  0]LogConfig: Setting CVar [[r.LensFlareQuality:2]]
[2020.05.25-11.35.30:712][  0]LogConfig: Setting CVar [[r.SceneColorFringeQuality:1]]
[2020.05.25-11.35.30:712][  0]LogConfig: Setting CVar [[r.EyeAdaptationQuality:2]]
[2020.05.25-11.35.30:712][  0]LogConfig: Setting CVar [[r.BloomQuality:5]]
[2020.05.25-11.35.30:712][  0]LogConfig: Setting CVar [[r.FastBlurThreshold:100]]
[2020.05.25-11.35.30:712][  0]LogConfig: Setting CVar [[r.Upscale.Quality:3]]
[2020.05.25-11.35.30:712][  0]LogConfig: Setting CVar [[r.Tonemapper.GrainQuantization:1]]
[2020.05.25-11.35.30:712][  0]LogConfig: Setting CVar [[r.LightShaftQuality:1]]
[2020.05.25-11.35.30:712][  0]LogConfig: Setting CVar [[r.Filter.SizeScale:1]]
[2020.05.25-11.35.30:712][  0]LogConfig: Setting CVar [[r.Tonemapper.Quality:5]]
[2020.05.25-11.35.30:712][  0]LogConfig: Setting CVar [[r.DOF.Gather.AccumulatorQuality:1        ; higher gathering accumulator quality]]
[2020.05.25-11.35.30:712][  0]LogConfig: Setting CVar [[r.DOF.Gather.PostfilterMethod:1          ; Median3x3 postfilering method]]
[2020.05.25-11.35.30:712][  0]LogConfig: Setting CVar [[r.DOF.Gather.EnableBokehSettings:0       ; no bokeh simulation when gathering]]
[2020.05.25-11.35.30:712][  0]LogConfig: Setting CVar [[r.DOF.Gather.RingCount:4                 ; medium number of samples when gathering]]
[2020.05.25-11.35.30:712][  0]LogConfig: Setting CVar [[r.DOF.Scatter.ForegroundCompositing:1    ; additive foreground scattering]]
[2020.05.25-11.35.30:712][  0]LogConfig: Setting CVar [[r.DOF.Scatter.BackgroundCompositing:2    ; additive background scattering]]
[2020.05.25-11.35.30:712][  0]LogConfig: Setting CVar [[r.DOF.Scatter.EnableBokehSettings:1      ; bokeh simulation when scattering]]
[2020.05.25-11.35.30:712][  0]LogConfig: Setting CVar [[r.DOF.Scatter.MaxSpriteRatio:0.1         ; only a maximum of 10% of scattered bokeh]]
[2020.05.25-11.35.30:712][  0]LogConfig: Setting CVar [[r.DOF.Recombine.Quality:1                ; cheap slight out of focus]]
[2020.05.25-11.35.30:712][  0]LogConfig: Setting CVar [[r.DOF.Recombine.EnableBokehSettings:0    ; no bokeh simulation on slight out of focus]]
[2020.05.25-11.35.30:712][  0]LogConfig: Setting CVar [[r.DOF.TemporalAAQuality:1                ; more stable temporal accumulation]]
[2020.05.25-11.35.30:712][  0]LogConfig: Setting CVar [[r.DOF.Kernel.MaxForegroundRadius:0.025]]
[2020.05.25-11.35.30:712][  0]LogConfig: Setting CVar [[r.DOF.Kernel.MaxBackgroundRadius:0.025]]
[2020.05.25-11.35.30:712][  0]LogConfig: Applying CVar settings from Section [TextureQuality@3] File [E:/Unreal Projects/Level-multiplayer/Level_multiplayer/Saved/Config/Windows/Scalability.ini]
[2020.05.25-11.35.30:712][  0]LogConfig: Setting CVar [[r.Streaming.MipBias:0]]
[2020.05.25-11.35.30:712][  0]LogConfig: Setting CVar [[r.Streaming.AmortizeCPUToGPUCopy:0]]
[2020.05.25-11.35.30:712][  0]LogConfig: Setting CVar [[r.Streaming.MaxNumTexturesToStreamPerFrame:0]]
[2020.05.25-11.35.30:712][  0]LogConfig: Setting CVar [[r.Streaming.Boost:1]]
[2020.05.25-11.35.30:712][  0]LogConfig: Setting CVar [[r.MaxAnisotropy:8]]
[2020.05.25-11.35.30:712][  0]LogConfig: Setting CVar [[r.Streaming.LimitPoolSizeToVRAM:0]]
[2020.05.25-11.35.30:712][  0]LogConfig: Setting CVar [[r.Streaming.PoolSize:1000]]
[2020.05.25-11.35.30:712][  0]LogConfig: Setting CVar [[r.Streaming.MaxEffectiveScreenSize:0]]
[2020.05.25-11.35.30:712][  0]LogConfig: Applying CVar settings from Section [EffectsQuality@3] File [E:/Unreal Projects/Level-multiplayer/Level_multiplayer/Saved/Config/Windows/Scalability.ini]
[2020.05.25-11.35.30:712][  0]LogConfig: Setting CVar [[r.TranslucencyLightingVolumeDim:64]]
[2020.05.25-11.35.30:712][  0]LogConfig: Setting CVar [[r.RefractionQuality:2]]
[2020.05.25-11.35.30:712][  0]LogConfig: Setting CVar [[r.SSR.Quality:3]]
[2020.05.25-11.35.30:712][  0]LogConfig: Setting CVar [[r.SceneColorFormat:4]]
[2020.05.25-11.35.30:712][  0]LogConfig: Setting CVar [[r.DetailMode:2]]
[2020.05.25-11.35.30:712][  0]LogConfig: Setting CVar [[r.TranslucencyVolumeBlur:1]]
[2020.05.25-11.35.30:712][  0]LogConfig: Setting CVar [[r.MaterialQualityLevel:1 ; High quality]]
[2020.05.25-11.35.30:712][  0]LogConfig: Setting CVar [[r.SSS.Scale:1]]
[2020.05.25-11.35.30:712][  0]LogConfig: Setting CVar [[r.SSS.SampleSet:2]]
[2020.05.25-11.35.30:712][  0]LogConfig: Setting CVar [[r.SSS.Quality:1]]
[2020.05.25-11.35.30:712][  0]LogConfig: Setting CVar [[r.SSS.HalfRes:1]]
[2020.05.25-11.35.30:712][  0]LogConfig: Setting CVar [[r.EmitterSpawnRateScale:1.0]]
[2020.05.25-11.35.30:712][  0]LogConfig: Setting CVar [[r.ParticleLightQuality:2]]
[2020.05.25-11.35.30:712][  0]LogConfig: Applying CVar settings from Section [FoliageQuality@3] File [E:/Unreal Projects/Level-multiplayer/Level_multiplayer/Saved/Config/Windows/Scalability.ini]
[2020.05.25-11.35.30:712][  0]LogConfig: Setting CVar [[foliage.DensityScale:1.0]]
[2020.05.25-11.35.30:712][  0]LogConfig: Setting CVar [[grass.DensityScale:1.0]]
[2020.05.25-11.35.30:712][  0]LogConfig: Applying CVar settings from Section [Startup] File [../../../Engine/Config/ConsoleVariables.ini]
[2020.05.25-11.35.30:712][  0]LogConfig: Setting CVar [[net.UseAdaptiveNetUpdateFrequency:0]]
[2020.05.25-11.35.30:712][  0]LogConfig: Setting CVar [[p.chaos.AllowCreatePhysxBodies:1]]
[2020.05.25-11.35.30:712][  0]LogConfig: Applying CVar settings from Section [ConsoleVariables] File [E:/Unreal Projects/Level-multiplayer/Level_multiplayer/Saved/Config/Windows/Engine.ini]
[2020.05.25-11.35.30:713][  0]LogInit: Computer: DESKTOP-9MTLCG4
[2020.05.25-11.35.30:713][  0]LogInit: User: Home
[2020.05.25-11.35.30:713][  0]LogInit: CPU Page size=4096, Cores=4
[2020.05.25-11.35.30:713][  0]LogInit: High frequency timer resolution =10.000000 MHz
[2020.05.25-11.35.30:714][  0]LogMemory: Memory total: Physical=7.9GB (8GB approx)
[2020.05.25-11.35.30:714][  0]LogMemory: Platform Memory Stats for Windows
[2020.05.25-11.35.30:714][  0]LogMemory: Process Physical Memory: 101.30 MB used, 101.31 MB peak
[2020.05.25-11.35.30:714][  0]LogMemory: Process Virtual Memory: 100.17 MB used, 100.17 MB peak
[2020.05.25-11.35.30:714][  0]LogMemory: Physical Memory: 5208.77 MB used,  2926.52 MB free, 8135.29 MB total
[2020.05.25-11.35.30:714][  0]LogMemory: Virtual Memory: 4656.91 MB used,  134213072.00 MB free, 134217728.00 MB total
[2020.05.25-11.35.30:716][  0]LogWindows: WindowsPlatformFeatures enabled
[2020.05.25-11.35.30:737][  0]LogInit: Using OS detected language (ru-RU).
[2020.05.25-11.35.30:737][  0]LogInit: Using OS detected locale (ru-RU).
[2020.05.25-11.35.30:738][  0]LogTextLocalizationManager: No specific localization for 'ru-RU' exists, so the 'ru' localization will be used.
[2020.05.25-11.35.30:738][  0]LogTextLocalizationResource: LocRes '../../../Engine/Content/Localization/Editor/ru/Editor.locres' could not be opened for reading!
[2020.05.25-11.35.30:738][  0]LogTextLocalizationResource: LocRes '../../../Engine/Content/Localization/EditorTutorials/ru/EditorTutorials.locres' could not be opened for reading!
[2020.05.25-11.35.30:738][  0]LogTextLocalizationResource: LocRes '../../../Engine/Content/Localization/Keywords/ru/Keywords.locres' could not be opened for reading!
[2020.05.25-11.35.30:738][  0]LogTextLocalizationResource: LocRes '../../../Engine/Content/Localization/Category/ru/Category.locres' could not be opened for reading!
[2020.05.25-11.35.30:738][  0]LogTextLocalizationResource: LocRes '../../../Engine/Content/Localization/ToolTips/ru/ToolTips.locres' could not be opened for reading!
[2020.05.25-11.35.30:739][  0]LogTextLocalizationResource: LocRes '../../../Engine/Content/Localization/PropertyNames/ru/PropertyNames.locres' could not be opened for reading!
[2020.05.25-11.35.30:739][  0]LogTextLocalizationResource: LocRes '../../../Engine/Content/Localization/Engine/ru/Engine.locres' could not be opened for reading!
[2020.05.25-11.35.30:739][  0]LogInit: Setting process to per monitor DPI aware
[2020.05.25-11.35.30:786][  0]LogSlate: New Slate User Created.  User Index 0, Is Virtual User: 0
[2020.05.25-11.35.30:786][  0]LogSlate: Slate User Registered.  User Index 0, Is Virtual User: 0
[2020.05.25-11.35.30:923][  0]LogHMD: Failed to initialize OpenVR with code 110
[2020.05.25-11.35.30:923][  0]LogD3D11RHI: D3D11 adapters:
[2020.05.25-11.35.30:999][  0]LogD3D11RHI:    0. 'NVIDIA GeForce GTX 1050 Ti' (Feature Level 11_0)
[2020.05.25-11.35.30:999][  0]LogD3D11RHI:       4018/0/4067 MB DedicatedVideo/DedicatedSystem/SharedSystem, Outputs:1, VendorId:0x10de
[2020.05.25-11.35.31:001][  0]LogD3D11RHI:    1. 'Microsoft Basic Render Driver' (Feature Level 11_0)
[2020.05.25-11.35.31:002][  0]LogD3D11RHI:       0/0/4067 MB DedicatedVideo/DedicatedSystem/SharedSystem, Outputs:0, VendorId:0x1414
[2020.05.25-11.35.31:002][  0]LogD3D11RHI: Chosen D3D11 Adapter: 0
[2020.05.25-11.35.31:008][  0]LogD3D11RHI: Creating new Direct3DDevice
[2020.05.25-11.35.31:008][  0]LogD3D11RHI:     GPU DeviceId: 0x1c82 (for the marketing name, search the web for "GPU Device Id")
[2020.05.25-11.35.31:008][  0]LogWindows: EnumDisplayDevices:
[2020.05.25-11.35.31:008][  0]LogWindows:    0. 'NVIDIA GeForce GTX 1050 Ti' (P:1 D:1)
[2020.05.25-11.35.31:008][  0]LogWindows:    1. 'NVIDIA GeForce GTX 1050 Ti' (P:0 D:0)
[2020.05.25-11.35.31:008][  0]LogWindows:    2. 'NVIDIA GeForce GTX 1050 Ti' (P:0 D:0)
[2020.05.25-11.35.31:009][  0]LogWindows:    3. 'NVIDIA GeForce GTX 1050 Ti' (P:0 D:0)
[2020.05.25-11.35.31:009][  0]LogWindows: DebugString: FoundDriverCount:4 
[2020.05.25-11.35.31:009][  0]LogD3D11RHI:     Adapter Name: NVIDIA GeForce GTX 1050 Ti
[2020.05.25-11.35.31:009][  0]LogD3D11RHI:   Driver Version: 445.87 (internal:26.21.14.4587, unified:445.87)
[2020.05.25-11.35.31:009][  0]LogD3D11RHI:      Driver Date: 4-3-2020
[2020.05.25-11.35.31:009][  0]LogRHI: Texture pool is 2812 MB (70% of 4018 MB)
[2020.05.25-11.35.31:060][  0]LogD3D11RHI: Async texture creation enabled
[2020.05.25-11.35.31:096][  0]LogD3D11RHI: GPU Timing Frequency: 1000.000000 (Debug: 2 1)
[2020.05.25-11.35.31:380][  0]LogTemp: Display: Module 'AllDesktopTargetPlatform' loaded TargetPlatform 'AllDesktop'
[2020.05.25-11.35.31:388][  0]LogTemp: Display: Module 'MacClientTargetPlatform' loaded TargetPlatform 'MacClient'
[2020.05.25-11.35.31:395][  0]LogTemp: Display: Module 'MacNoEditorTargetPlatform' loaded TargetPlatform 'MacNoEditor'
[2020.05.25-11.35.31:403][  0]LogTemp: Display: Module 'MacServerTargetPlatform' loaded TargetPlatform 'MacServer'
[2020.05.25-11.35.31:410][  0]LogTemp: Display: Module 'MacTargetPlatform' loaded TargetPlatform 'Mac'
[2020.05.25-11.35.31:418][  0]LogTemp: Display: Module 'WindowsClientTargetPlatform' loaded TargetPlatform 'WindowsClient'
[2020.05.25-11.35.31:426][  0]LogTemp: Display: Module 'WindowsNoEditorTargetPlatform' loaded TargetPlatform 'WindowsNoEditor'
[2020.05.25-11.35.31:433][  0]LogTemp: Display: Module 'WindowsServerTargetPlatform' loaded TargetPlatform 'WindowsServer'
[2020.05.25-11.35.31:437][  0]LogTemp: Display: Module 'WindowsTargetPlatform' loaded TargetPlatform 'Windows'
[2020.05.25-11.35.31:468][  0]LogTemp: Display: Module 'AndroidTargetPlatform' loaded TargetPlatform 'Android'
[2020.05.25-11.35.31:468][  0]LogTemp: Display: Module 'AndroidTargetPlatform' loaded TargetPlatform 'Android_ASTC'
[2020.05.25-11.35.31:468][  0]LogTemp: Display: Module 'AndroidTargetPlatform' loaded TargetPlatform 'Android_ATC'
[2020.05.25-11.35.31:468][  0]LogTemp: Display: Module 'AndroidTargetPlatform' loaded TargetPlatform 'Android_DXT'
[2020.05.25-11.35.31:468][  0]LogTemp: Display: Module 'AndroidTargetPlatform' loaded TargetPlatform 'Android_ETC1'
[2020.05.25-11.35.31:468][  0]LogTemp: Display: Module 'AndroidTargetPlatform' loaded TargetPlatform 'Android_ETC1a'
[2020.05.25-11.35.31:468][  0]LogTemp: Display: Module 'AndroidTargetPlatform' loaded TargetPlatform 'Android_ETC2'
[2020.05.25-11.35.31:468][  0]LogTemp: Display: Module 'AndroidTargetPlatform' loaded TargetPlatform 'Android_PVRTC'
[2020.05.25-11.35.31:468][  0]LogTemp: Display: Module 'AndroidTargetPlatform' loaded TargetPlatform 'AndroidClient'
[2020.05.25-11.35.31:468][  0]LogTemp: Display: Module 'AndroidTargetPlatform' loaded TargetPlatform 'Android_ASTCClient'
[2020.05.25-11.35.31:468][  0]LogTemp: Display: Module 'AndroidTargetPlatform' loaded TargetPlatform 'Android_ATCClient'
[2020.05.25-11.35.31:468][  0]LogTemp: Display: Module 'AndroidTargetPlatform' loaded TargetPlatform 'Android_DXTClient'
[2020.05.25-11.35.31:468][  0]LogTemp: Display: Module 'AndroidTargetPlatform' loaded TargetPlatform 'Android_ETC1Client'
[2020.05.25-11.35.31:468][  0]LogTemp: Display: Module 'AndroidTargetPlatform' loaded TargetPlatform 'Android_ETC1aClient'
[2020.05.25-11.35.31:468][  0]LogTemp: Display: Module 'AndroidTargetPlatform' loaded TargetPlatform 'Android_ETC2Client'
[2020.05.25-11.35.31:468][  0]LogTemp: Display: Module 'AndroidTargetPlatform' loaded TargetPlatform 'Android_PVRTCClient'
[2020.05.25-11.35.31:468][  0]LogTemp: Display: Module 'AndroidTargetPlatform' loaded TargetPlatform 'Android_Multi'
[2020.05.25-11.35.31:468][  0]LogTemp: Display: Module 'AndroidTargetPlatform' loaded TargetPlatform 'Android_MultiClient'
[2020.05.25-11.35.31:470][  0]LogTemp: Display: Module 'HTML5TargetPlatform' loaded TargetPlatform 'HTML5'
[2020.05.25-11.35.31:485][  0]LogTemp: Display: Module 'IOSTargetPlatform' loaded TargetPlatform 'IOSClient'
[2020.05.25-11.35.31:485][  0]LogTemp: Display: Module 'IOSTargetPlatform' loaded TargetPlatform 'IOS'
[2020.05.25-11.35.31:498][  0]LogTemp: Display: Module 'TVOSTargetPlatform' loaded TargetPlatform 'TVOSClient'
[2020.05.25-11.35.31:498][  0]LogTemp: Display: Module 'TVOSTargetPlatform' loaded TargetPlatform 'TVOS'
[2020.05.25-11.35.31:504][  0]LogTemp: Display: Module 'LinuxClientTargetPlatform' loaded TargetPlatform 'LinuxClient'
[2020.05.25-11.35.31:511][  0]LogTemp: Display: Module 'LinuxNoEditorTargetPlatform' loaded TargetPlatform 'LinuxNoEditor'
[2020.05.25-11.35.31:518][  0]LogTemp: Display: Module 'LinuxServerTargetPlatform' loaded TargetPlatform 'LinuxServer'
[2020.05.25-11.35.31:525][  0]LogTemp: Display: Module 'LinuxTargetPlatform' loaded TargetPlatform 'Linux'
[2020.05.25-11.35.31:546][  0]LogTemp: Display: Module 'LuminTargetPlatform' loaded TargetPlatform 'Lumin'
[2020.05.25-11.35.31:546][  0]LogTemp: Display: Module 'LuminTargetPlatform' loaded TargetPlatform 'LuminClient'
[2020.05.25-11.35.31:546][  0]LogTargetPlatformManager: Display: Building Assets For Windows
[2020.05.25-11.35.31:554][  0]LogAudioDebug: Display: Lib vorbis DLL was dynamically loaded.
[2020.05.25-11.35.31:589][  0]LogShaderCompilers: Guid format shader working directory is -22 characters bigger than the processId version (../../../../../Unreal Projects/Level-multiplayer/Level_multiplayer/Intermediate/Shaders/WorkingDirectory/10744/).
[2020.05.25-11.35.31:590][  0]LogShaderCompilers: Cleaned the shader compiler working directory 'C:/Users/Home/AppData/Local/Temp/UnrealShaderWorkingDir/04B791E0427758AA1781AEB22328442C/'.
[2020.05.25-11.35.31:591][  0]LogXGEController: Cannot use XGE Controller as Incredibuild is not installed on this machine.
[2020.05.25-11.35.31:591][  0]LogShaderCompilers: Cannot use XGE Shader Compiler as Incredibuild is not installed on this machine.
[2020.05.25-11.35.31:591][  0]LogShaderCompilers: Display: Using Local Shader Compiler.
[2020.05.25-11.35.32:201][  0]LogDerivedDataCache: Display: Max Cache Size: 512 MB
[2020.05.25-11.35.32:253][  0]LogDerivedDataCache: Loaded boot cache 0.05s 73MB C:/Users/Home/AppData/Local/UnrealEngine/4.23/DerivedDataCache/Boot.ddc.
[2020.05.25-11.35.32:253][  0]LogDerivedDataCache: Display: Loaded Boot cache: C:/Users/Home/AppData/Local/UnrealEngine/4.23/DerivedDataCache/Boot.ddc
[2020.05.25-11.35.32:253][  0]LogDerivedDataCache: FDerivedDataBackendGraph:  Pak pak cache file ../../../../../Unreal Projects/Level-multiplayer/Level_multiplayer/DerivedDataCache/DDC.ddp not found, will not use a pak cache.
[2020.05.25-11.35.32:253][  0]LogDerivedDataCache: Unable to find inner node Pak for hierarchical cache Hierarchy.
[2020.05.25-11.35.32:253][  0]LogDerivedDataCache: FDerivedDataBackendGraph:  CompressedPak pak cache file ../../../../../Unreal Projects/Level-multiplayer/Level_multiplayer/DerivedDataCache/Compressed.ddp not found, will not use a pak cache.
[2020.05.25-11.35.32:253][  0]LogDerivedDataCache: Unable to find inner node CompressedPak for hierarchical cache Hierarchy.
[2020.05.25-11.35.32:264][  0]LogDerivedDataCache: Display: Pak cache opened for reading ../../../Engine/DerivedDataCache/Compressed.ddp.
[2020.05.25-11.35.32:264][  0]LogDerivedDataCache: FDerivedDataBackendGraph:  EnterprisePak pak cache file ../../../Enterprise/DerivedDataCache/Compressed.ddp not found, will not use a pak cache.
[2020.05.25-11.35.32:265][  0]LogDerivedDataCache: Unable to find inner node EnterprisePak for hierarchical cache Hierarchy.
[2020.05.25-11.35.32:266][  0]LogDerivedDataCache: Using Local data cache path C:/Users/Home/AppData/Local/UnrealEngine/Common/DerivedDataCache: Writable
[2020.05.25-11.35.32:266][  0]LogDerivedDataCache: Shared data cache path not found in *engine.ini, will not use an Shared cache.
[2020.05.25-11.35.32:266][  0]LogDerivedDataCache: Unable to find inner node Shared for hierarchical cache Hierarchy.
[2020.05.25-11.35.32:286][  0]LogMaterial: Verifying Global Shaders for PCD3D_SM5
[2020.05.25-11.35.32:288][  0]LogSlate: Using FreeType 2.6.0
[2020.05.25-11.35.32:298][  0]LogSlate: SlateFontServices - WITH_FREETYPE: 1, WITH_HARFBUZZ: 1
[2020.05.25-11.35.32:376][  0]LogAssetRegistry: FAssetRegistry took 0.0027 seconds to start up
[2020.05.25-11.35.32:629][  0]LogInit: Selected Device Profile: [Windows]
[2020.05.25-11.35.32:768][  0]LogMeshReduction: Using QuadricMeshReduction for automatic static mesh reduction
[2020.05.25-11.35.32:768][  0]LogMeshReduction: Using SimplygonMeshReduction for automatic skeletal mesh reduction
[2020.05.25-11.35.32:768][  0]LogMeshReduction: Using ProxyLODMeshReduction for automatic mesh merging
[2020.05.25-11.35.32:768][  0]LogMeshReduction: No distributed automatic mesh merging module available
[2020.05.25-11.35.32:768][  0]LogMeshMerging: No distributed automatic mesh merging module available
[2020.05.25-11.35.32:778][  0]LogNetVersion: MultiplayerTemplate 1.0.0, NetCL: 8386587, EngineNetVer: 11, GameNetVer: 0 (Checksum: 3045099697)
[2020.05.25-11.35.33:198][  0]LogPackageLocalizationCache: Processed 12 localized package path(s) for 1 prioritized culture(s) in 0.052198 seconds
[2020.05.25-11.35.33:206][  0]LogUObjectArray: 43453 objects as part of root set at end of initial load.
[2020.05.25-11.35.33:206][  0]LogUObjectAllocator: 7559736 out of 0 bytes used by permanent object pool.
[2020.05.25-11.35.33:206][  0]LogUObjectArray: CloseDisregardForGC: 0/0 objects in disregard for GC pool
[2020.05.25-11.35.36:744][  0]LogTcpMessaging: Initializing TcpMessaging bridge
[2020.05.25-11.35.36:747][  0]LogUdpMessaging: Initializing bridge on interface 0.0.0.0:0 to multicast group 230.0.0.1:6666.
[2020.05.25-11.35.36:858][  0]SourceControl: Source control is disabled
[2020.05.25-11.35.36:858][  0]SourceControl: Source control is disabled
[2020.05.25-11.35.36:859][  0]SourceControl: Source control is disabled
[2020.05.25-11.35.36:860][  0]SourceControl: Source control is disabled
[2020.05.25-11.35.36:962][  0]LogAndroidPermission: UAndroidPermissionCallbackProxy::GetInstance
[2020.05.25-11.35.37:074][  0]LogOcInput: OculusInput pre-init called
[2020.05.25-11.35.37:079][  0]LogWindows: Failed to load 'OVRPlugin.dll' (GetLastError=126)
[2020.05.25-11.35.37:079][  0]LogWindows: File 'OVRPlugin.dll' does not exist
[2020.05.25-11.35.37:148][  0]LogEngine: Initializing Engine...
[2020.05.25-11.35.37:149][  0]LogHMD: Failed to initialize OpenVR with code 110
[2020.05.25-11.35.37:150][  0]LogStats: UGameplayTagsManager::InitializeManager -  0.000 s
[2020.05.25-11.35.37:364][  0]LogInit: Initializing FReadOnlyCVARCache
[2020.05.25-11.35.37:373][  0]LogAIModule: Creating AISystem for world Untitled
[2020.05.25-11.35.37:405][  0]LogInit: XAudio2 using 'Динамики (Realtek(R) Audio)' : 2 channels at 48 kHz using 32 bits per sample (channel mask 0x3)
[2020.05.25-11.35.37:429][  0]LogInit: FAudioDevice initialized.
[2020.05.25-11.35.37:429][  0]LogNetVersion: Set ProjectVersion to 1.0.0.0. Version Checksum will be recalculated on next use.
[2020.05.25-11.35.37:710][  0]LogDerivedDataCache: Saved boot cache 0.28s 73MB C:/Users/Home/AppData/Local/UnrealEngine/4.23/DerivedDataCache/Boot.ddc.
[2020.05.25-11.35.37:724][  0]LogInit: Texture streaming: Enabled
[2020.05.25-11.35.37:749][  0]LogEngineSessionManager: EngineSessionManager initialized
[2020.05.25-11.35.37:749][  0]LogEditorSessionSummary: Verbose: Initializing EditorSessionSummaryWriter for editor session tracking
[2020.05.25-11.35.37:750][  0]LogEditorSessionSummary: EditorSessionSummaryWriter initialized
[2020.05.25-11.35.37:812][  0]LogInit: Transaction tracking system initialized
[2020.05.25-11.35.37:850][  0]BlueprintLog: New page: Editor Load
[2020.05.25-11.35.37:944][  0]LocalizationService: Localization service is disabled
[2020.05.25-11.35.38:017][  0]LogLinker: Warning: Failed to load '/Game/ThirdPersonBP/ThirdPersonOverview': Can't find file.
[2020.05.25-11.35.38:017][  0]LogLinker: Warning: Failed to load '/Game/ThirdPersonBP/ThirdPersonOverview': Can't find file.
[2020.05.25-11.35.38:017][  0]LogUObjectGlobals: Warning: Failed to find object 'Class /Game/ThirdPersonBP/ThirdPersonOverview.ThirdPersonOverview_C'
[2020.05.25-11.35.38:231][  0]LogFileCache: Scanning file cache for directory 'E:/Unreal Projects/Level-multiplayer/Level_multiplayer/Content/' took 0.01s
[2020.05.25-11.35.38:231][  0]LogCook: Display: Max memory allowance for cook 16384mb min free memory 0mb
[2020.05.25-11.35.38:231][  0]LogCook: Display: Mobile HDR setting 1
[2020.05.25-11.35.38:520][  0]SourceControl: Source control is disabled
[2020.05.25-11.35.38:520][  0]Cmd: MAP LOAD FILE="../../../../../Unreal Projects/Level-multiplayer/Level_multiplayer/Content/MultiplayerTemplate/Levels/MainMenuMap.umap" TEMPLATE=0 SHOWPROGRESS=1 FEATURELEVEL=3
[2020.05.25-11.35.38:520][  0]LightingResults: New page: Lighting Build
[2020.05.25-11.35.38:523][  0]LogWorld: UWorld::CleanupWorld for Untitled, bSessionEnded=true, bCleanupResources=true
[2020.05.25-11.35.38:524][  0]MapCheck: New page: Map Check
[2020.05.25-11.35.38:524][  0]LightingResults: New page: Lighting Build
[2020.05.25-11.35.38:548][  0]LogUObjectHash: Compacting FUObjectHashTables data took   1.70ms
[2020.05.25-11.35.38:817][  0]LogAIModule: Creating AISystem for world MainMenuMap
[2020.05.25-11.35.38:820][  0]LogEditorServer: Finished looking for orphan Actors (0.000 secs)
[2020.05.25-11.35.38:848][  0]LogUObjectHash: Compacting FUObjectHashTables data took   2.46ms
[2020.05.25-11.35.38:848][  0]Cmd: MAP CHECKDEP NOCLEARLOG
[2020.05.25-11.35.38:848][  0]MapCheck: Map check complete: 0 Error(s), 0 Warning(s), took 0,079ms to complete.
[2020.05.25-11.35.38:848][  0]LogFileHelpers: Loading map 'MainMenuMap' took 0.328
[2020.05.25-11.35.38:962][  0]LogCollectionManager: Loaded 0 collections in 0.000978 seconds
[2020.05.25-11.35.38:969][  0]LogFileCache: Scanning file cache for directory 'E:/Unreal Projects/Level-multiplayer/Level_multiplayer/Saved/Collections/' took 0.00s
[2020.05.25-11.35.38:969][  0]LogFileCache: Scanning file cache for directory 'E:/Unreal Projects/Level-multiplayer/Level_multiplayer/Content/Developers/Home/Collections/' took 0.00s
[2020.05.25-11.35.38:969][  0]LogFileCache: Scanning file cache for directory 'E:/Unreal Projects/Level-multiplayer/Level_multiplayer/Content/Collections/' took 0.00s
[2020.05.25-11.35.38:969][  0]LogCollectionManager: Rebuilt the GUID cache for 0 collections in 0.000001 seconds
[2020.05.25-11.35.38:977][  0]LogContentBrowser: Native class hierarchy populated in 0.0083 seconds. Added 2890 classes and 692 folders.
[2020.05.25-11.35.38:985][  0]LogContentBrowser: Native class hierarchy updated for 'WidgetCarousel' in 0.0003 seconds. Added 0 classes and 0 folders.
[2020.05.25-11.35.39:347][  0]LogContentBrowser: Native class hierarchy updated for 'AddContentDialog' in 0.0003 seconds. Added 0 classes and 0 folders.
[2020.05.25-11.35.39:365][  0]LogContentBrowser: Native class hierarchy updated for 'WorldBrowser' in 0.0004 seconds. Added 2 classes and 3 folders.
[2020.05.25-11.35.39:410][  0]LogSlate: Updating window title bar state: overlay mode, drag disabled, window buttons hidden, title bar hidden
[2020.05.25-11.35.39:417][  0]LogSlate: Updating window title bar state: overlay mode, drag disabled, window buttons hidden, title bar hidden
[2020.05.25-11.35.39:423][  0]LogSlate: Updating window title bar state: overlay mode, drag disabled, window buttons hidden, title bar hidden
[2020.05.25-11.35.39:430][  0]LogSlate: Updating window title bar state: overlay mode, drag disabled, window buttons hidden, title bar hidden
[2020.05.25-11.35.39:437][  0]LogContentBrowser: Native class hierarchy updated for 'SceneOutliner' in 0.0003 seconds. Added 1 classes and 2 folders.
[2020.05.25-11.35.39:513][  0]LogSlate: Took 0.000136 seconds to synchronously load lazily loaded font '../../../Engine/Content/Slate/Fonts/Roboto-Regular.ttf' (155K)
[2020.05.25-11.35.39:522][  0]LogSlate: Took 0.007861 seconds to synchronously load lazily loaded font '../../../Engine/Content/Editor/Slate/Fonts/FontAwesome.ttf' (139K)
[2020.05.25-11.35.39:522][  0]LogSlate: Took 0.000132 seconds to synchronously load lazily loaded font '../../../Engine/Content/Slate/Fonts/Roboto-Bold.ttf' (160K)
[2020.05.25-11.35.39:579][  0]LogRenderer: Reallocating scene render targets to support 1176x956 Format 10 NumSamples 1 (Frame:1).
[2020.05.25-11.35.39:715][  0]LogContentBrowser: Native class hierarchy updated for 'HierarchicalLODOutliner' in 0.0003 seconds. Added 0 classes and 0 folders.
[2020.05.25-11.35.39:715][  0]LogLoad: (Engine Initialization) Total time: 9.82 seconds
[2020.05.25-11.35.39:715][  0]LogLoad: (Engine Initialization) Total Blueprint compile time: 0.00 seconds
[2020.05.25-11.35.39:853][  0]LogSteamController: SteamController is not available
[2020.05.25-11.35.39:902][  0]LogContentStreaming: Texture pool size now 1000 MB
[2020.05.25-11.35.40:066][  3]LogAssetRegistry: Asset discovery search completed in 7.6910 seconds
[2020.05.25-11.35.40:069][  3]LogCollectionManager: Rebuilt the object cache for 0 collections in 0.000004 seconds (found 0 objects)
[2020.05.25-11.35.40:070][  3]LogCollectionManager: Fixed up redirectors for 0 collections in 0.000073 seconds (updated 0 objects)
[2020.05.25-11.35.41:974][228]LogSlate: FSceneViewport::OnFocusLost() reason 5
[2020.05.25-11.35.45:314][628]LogSlate: FSceneViewport::OnFocusLost() reason 5
[2020.05.25-11.35.48:012][628]LogSlate: Window 'Save Level As' being destroyed
[2020.05.25-11.35.53:477][265]LogSlate: FSceneViewport::OnFocusLost() reason 0
[2020.05.25-11.35.53:632][281]LogUObjectHash: Compacting FUObjectHashTables data took   0.60ms
[2020.05.25-11.35.53:731][281]LogSlate: Window 'MultiplayerTemplate - Unreal Editor' being destroyed
[2020.05.25-11.35.53:731][281]LogWindowsTextInputMethodSystem: Display: IME system now deactivated.
[2020.05.25-11.35.53:864][282]Cmd: QUIT_EDITOR
[2020.05.25-11.35.53:901][282]LogExit: Preparing to exit.
[2020.05.25-11.35.54:806][282]LogDemo: Cleaned up 0 splitscreen connections with owner deletion
[2020.05.25-11.35.54:822][282]LogWorld: UWorld::CleanupWorld for None, bSessionEnded=true, bCleanupResources=true
[2020.05.25-11.35.54:822][282]LogExit: Editor shut down
[2020.05.25-11.35.54:823][282]LogExit: Transaction tracking system shut down
[2020.05.25-11.35.55:110][282]LogExit: Object subsystem successfully closed.
[2020.05.25-11.35.55:125][282]LogShaderCompilers: Display: Shaders left to compile 0
[2020.05.25-11.35.55:148][282]LogModuleManager: Shutting down and abandoning module HierarchicalLODOutliner (680)
[2020.05.25-11.35.55:148][282]LogModuleManager: Shutting down and abandoning module SceneOutliner (678)
[2020.05.25-11.35.55:149][282]LogModuleManager: Shutting down and abandoning module WorldBrowser (676)
[2020.05.25-11.35.55:149][282]LogModuleManager: Shutting down and abandoning module AddContentDialog (674)
[2020.05.25-11.35.55:150][282]LogModuleManager: Shutting down and abandoning module WidgetCarousel (673)
[2020.05.25-11.35.55:150][282]LogModuleManager: Shutting down and abandoning module EditorWidgets (670)
[2020.05.25-11.35.55:150][282]LogModuleManager: Shutting down and abandoning module CollectionManager (668)
[2020.05.25-11.35.55:150][282]LogModuleManager: Shutting down and abandoning module StatsViewer (666)
[2020.05.25-11.35.55:151][282]LogModuleManager: Shutting down and abandoning module VirtualTexturingEditor (664)
[2020.05.25-11.35.55:151][282]LogModuleManager: Shutting down and abandoning module FoliageEdit (662)
[2020.05.25-11.35.55:151][282]LogModuleManager: Shutting down and abandoning module LandscapeEditor (660)
[2020.05.25-11.35.55:153][282]LogModuleManager: Shutting down and abandoning module MeshPaintMode (658)
[2020.05.25-11.35.55:153][282]LogModuleManager: Shutting down and abandoning module SceneDepthPickerMode (656)
[2020.05.25-11.35.55:153][282]LogModuleManager: Shutting down and abandoning module ActorPickerMode (654)
[2020.05.25-11.35.55:153][282]LogModuleManager: Shutting down and abandoning module GeometryMode (652)
[2020.05.25-11.35.55:153][282]LogModuleManager: Shutting down and abandoning module TextureAlignMode (650)
[2020.05.25-11.35.55:153][282]LogModuleManager: Shutting down and abandoning module BspMode (648)
[2020.05.25-11.35.55:153][282]LogModuleManager: Shutting down and abandoning module PIEPreviewDeviceProfileSelector (646)
[2020.05.25-11.35.55:154][282]LogModuleManager: Shutting down and abandoning module SequenceRecorderSections (644)
[2020.05.25-11.35.55:154][282]LogModuleManager: Shutting down and abandoning module AutomationWorker (642)
[2020.05.25-11.35.55:154][282]LogModuleManager: Shutting down and abandoning module OculusMR (640)
[2020.05.25-11.35.55:154][282]LogModuleManager: Shutting down and abandoning module AudioCaptureEditor (638)
[2020.05.25-11.35.55:154][282]LogModuleManager: Shutting down and abandoning module MatineeToLevelSequence (636)
[2020.05.25-11.35.55:154][282]LogModuleManager: Shutting down and abandoning module LevelSequenceEditor (634)
[2020.05.25-11.35.55:154][282]LogModuleManager: Shutting down and abandoning module PlacementMode (633)
[2020.05.25-11.35.55:154][282]LogModuleManager: Shutting down and abandoning module MaterialEditor (632)
[2020.05.25-11.35.55:154][282]LogModuleManager: Shutting down and abandoning module ActorSequenceEditor (628)
[2020.05.25-11.35.55:154][282]LogModuleManager: Shutting down and abandoning module WmfMediaFactory (626)
[2020.05.25-11.35.55:154][282]LogModuleManager: Shutting down and abandoning module WmfMediaEditor (624)
[2020.05.25-11.35.55:154][282]LogModuleManager: Shutting down and abandoning module WebMMediaFactory (622)
[2020.05.25-11.35.55:154][282]LogModuleManager: Shutting down and abandoning module WebMMediaEditor (620)
[2020.05.25-11.35.55:154][282]LogModuleManager: Shutting down and abandoning module WebMMedia (618)
[2020.05.25-11.35.55:154][282]LogModuleManager: Shutting down and abandoning module MediaPlayerEditor (616)
[2020.05.25-11.35.55:154][282]LogModuleManager: Shutting down and abandoning module MediaCompositingEditor (614)
[2020.05.25-11.35.55:154][282]LogModuleManager: Shutting down and abandoning module SequenceRecorder (613)
[2020.05.25-11.35.55:154][282]LogModuleManager: Shutting down and abandoning module OpenExrWrapper (610)
[2020.05.25-11.35.55:154][282]LogModuleManager: Shutting down and abandoning module ImgMediaFactory (608)
[2020.05.25-11.35.55:154][282]LogModuleManager: Shutting down and abandoning module ImgMediaEditor (606)
[2020.05.25-11.35.55:154][282]LogModuleManager: Shutting down and abandoning module AvfMediaFactory (604)
[2020.05.25-11.35.55:154][282]LogModuleManager: Shutting down and abandoning module AvfMediaEditor (602)
[2020.05.25-11.35.55:155][282]LogModuleManager: Shutting down and abandoning module AndroidMediaFactory (600)
[2020.05.25-11.35.55:155][282]LogModuleManager: Shutting down and abandoning module AndroidMediaEditor (598)
[2020.05.25-11.35.55:155][282]LogModuleManager: Shutting down and abandoning module MagicLeapCameraPreviewFactory (596)
[2020.05.25-11.35.55:155][282]LogModuleManager: Shutting down and abandoning module MagicLeapMediaCodecFactory (594)
[2020.05.25-11.35.55:155][282]LogModuleManager: Shutting down and abandoning module MagicLeapMediaFactory (592)
[2020.05.25-11.35.55:155][282]LogModuleManager: Shutting down and abandoning module MagicLeapMediaEditor (590)
[2020.05.25-11.35.55:155][282]LogModuleManager: Shutting down and abandoning module CharacterAI (588)
[2020.05.25-11.35.55:155][282]LogModuleManager: Shutting down and abandoning module SmartSnapping (586)
[2020.05.25-11.35.55:155][282]LogModuleManager: Shutting down and abandoning module SessionServices (584)
[2020.05.25-11.35.55:155][282]LogModuleManager: Shutting down and abandoning module MeshPaint (582)
[2020.05.25-11.35.55:155][282]LogModuleManager: Shutting down and abandoning module ViewportSnapping (580)
[2020.05.25-11.35.55:155][282]LogModuleManager: Shutting down and abandoning module ViewportInteraction (578)
[2020.05.25-11.35.55:155][282]LogModuleManager: Shutting down and abandoning module ClothPainter (576)
[2020.05.25-11.35.55:155][282]LogModuleManager: Shutting down and abandoning module SkeletalMeshEditor (575)
[2020.05.25-11.35.55:157][282]LogModuleManager: Shutting down and abandoning module LogVisualizer (572)
[2020.05.25-11.35.55:158][282]LogModuleManager: Shutting down and abandoning module IntroTutorials (570)
[2020.05.25-11.35.55:158][282]LogModuleManager: Shutting down and abandoning module GameProjectGeneration (569)
[2020.05.25-11.35.55:159][282]LogModuleManager: Shutting down and abandoning module LuminPlatformEditor (566)
[2020.05.25-11.35.55:159][282]LogModuleManager: Shutting down and abandoning module IOSPlatformEditor (564)
[2020.05.25-11.35.55:159][282]LogModuleManager: Shutting down and abandoning module HTML5PlatformEditor (562)
[2020.05.25-11.35.55:159][282]LogModuleManager: Shutting down and abandoning module AndroidPlatformEditor (560)
[2020.05.25-11.35.55:159][282]LogModuleManager: Shutting down and abandoning module AndroidDeviceDetection (559)
[2020.05.25-11.35.56:023][282]LogModuleManager: Shutting down and abandoning module WindowsPlatformEditor (556)
[2020.05.25-11.35.56:023][282]LogModuleManager: Shutting down and abandoning module LuminRuntimeSettings (554)
[2020.05.25-11.35.56:023][282]LogModuleManager: Shutting down and abandoning module IOSRuntimeSettings (552)
[2020.05.25-11.35.56:023][282]LogModuleManager: Shutting down and abandoning module AndroidRuntimeSettings (550)
[2020.05.25-11.35.56:023][282]LogModuleManager: Shutting down and abandoning module TimeManagementEditor (548)
[2020.05.25-11.35.56:023][282]LogModuleManager: Shutting down and abandoning module InputBindingEditor (546)
[2020.05.25-11.35.56:023][282]LogModuleManager: Shutting down and abandoning module MergeActors (544)
[2020.05.25-11.35.56:024][282]LogModuleManager: Shutting down and abandoning module LocalizationDashboard (542)
[2020.05.25-11.35.56:024][282]LogModuleManager: Shutting down and abandoning module LocalizationService (541)
[2020.05.25-11.35.56:024][282]LogModuleManager: Shutting down and abandoning module HardwareTargeting (538)
[2020.05.25-11.35.56:024][282]LogModuleManager: Shutting down and abandoning module DeviceProfileEditor (536)
[2020.05.25-11.35.56:024][282]LogModuleManager: Shutting down and abandoning module UndoHistory (534)
[2020.05.25-11.35.56:024][282]LogModuleManager: Shutting down and abandoning module XmlParser (532)
[2020.05.25-11.35.56:025][282]LogModuleManager: Shutting down and abandoning module Blutility (530)
[2020.05.25-11.35.56:025][282]LogModuleManager: Shutting down and abandoning module ProjectSettingsViewer (528)
[2020.05.25-11.35.56:025][282]LogModuleManager: Shutting down and abandoning module ProjectTargetPlatformEditor (527)
[2020.05.25-11.35.56:025][282]LogModuleManager: Shutting down and abandoning module EditorSettingsViewer (524)
[2020.05.25-11.35.56:025][282]LogModuleManager: Shutting down and abandoning module SettingsEditor (522)
[2020.05.25-11.35.56:026][282]LogModuleManager: Shutting down and abandoning module ProjectLauncher (520)
[2020.05.25-11.35.56:026][282]LogModuleManager: Shutting down and abandoning module SessionFrontend (518)
[2020.05.25-11.35.56:027][282]LogModuleManager: Shutting down and abandoning module ProfilerClient (516)
[2020.05.25-11.35.56:027][282]LogModuleManager: Shutting down and abandoning module DeviceManager (514)
[2020.05.25-11.35.56:029][282]LogModuleManager: Shutting down and abandoning module TargetDeviceServices (513)
[2020.05.25-11.35.56:073][282]LogModuleManager: Shutting down and abandoning module AutomationController (510)
[2020.05.25-11.35.56:074][282]LogModuleManager: Shutting down and abandoning module AutomationWindow (508)
[2020.05.25-11.35.56:075][282]LogModuleManager: Shutting down and abandoning module Layers (506)
[2020.05.25-11.35.56:077][282]LogModuleManager: Shutting down and abandoning module ComponentVisualizers (504)
[2020.05.25-11.35.56:077][282]LogModuleManager: Shutting down and abandoning module DetailCustomizations (502)
[2020.05.25-11.35.56:078][282]LogModuleManager: Shutting down and abandoning module PackagesDialog (500)
[2020.05.25-11.35.56:078][282]LogModuleManager: Shutting down and abandoning module AnimationBlueprintEditor (498)
[2020.05.25-11.35.56:079][282]LogModuleManager: Shutting down and abandoning module Persona (496)
[2020.05.25-11.35.56:080][282]LogModuleManager: Shutting down and abandoning module AdvancedPreviewScene (495)
[2020.05.25-11.35.56:080][282]LogModuleManager: Shutting down and abandoning module AnimGraph (493)
[2020.05.25-11.35.56:080][282]LogModuleManager: Shutting down and abandoning module Kismet (490)
[2020.05.25-11.35.56:080][282]LogModuleManager: Shutting down and abandoning module KismetWidgets (489)
[2020.05.25-11.35.56:080][282]LogModuleManager: Shutting down and abandoning module GraphEditor (486)
[2020.05.25-11.35.56:081][282]LogModuleManager: Shutting down and abandoning module StructViewer (484)
[2020.05.25-11.35.56:081][282]LogModuleManager: Shutting down and abandoning module ClassViewer (482)
[2020.05.25-11.35.56:081][282]LogModuleManager: Shutting down and abandoning module Toolbox (480)
[2020.05.25-11.35.56:081][282]LogModuleManager: Shutting down and abandoning module DesktopPlatform (479)
[2020.05.25-11.35.56:081][282]LogModuleManager: Shutting down and abandoning module ModuleUI (476)
[2020.05.25-11.35.56:082][282]LogModuleManager: Shutting down and abandoning module MovieSceneTools (474)
[2020.05.25-11.35.56:084][282]LogModuleManager: Shutting down and abandoning module OutputLog (472)
[2020.05.25-11.35.56:084][282]LogModuleManager: Shutting down and abandoning module GammaUI (470)
[2020.05.25-11.35.56:085][282]LogModuleManager: Shutting down and abandoning module Documentation (468)
[2020.05.25-11.35.56:085][282]LogModuleManager: Shutting down and abandoning module LiveCoding (466)
[2020.05.25-11.35.56:085][282]LogModuleManager: Shutting down and abandoning module LevelSequence (464)
[2020.05.25-11.35.56:085][282]LogModuleManager: Shutting down and abandoning module MovieSceneTracks (462)
[2020.05.25-11.35.56:085][282]LogModuleManager: Shutting down and abandoning module MovieScene (460)
[2020.05.25-11.35.56:086][282]LogModuleManager: Shutting down and abandoning module StreamingPauseRendering (458)
[2020.05.25-11.35.56:086][282]LogModuleManager: Shutting down and abandoning module LauncherPlatform (456)
[2020.05.25-11.35.56:086][282]LogModuleManager: Shutting down and abandoning module AnalyticsET (454)
[2020.05.25-11.35.56:086][282]LogModuleManager: Shutting down and abandoning module PortalServices (452)
[2020.05.25-11.35.56:086][282]LogModuleManager: Shutting down and abandoning module PortalRpc (450)
[2020.05.25-11.35.56:086][282]LogModuleManager: Shutting down and abandoning module MessagingRpc (448)
[2020.05.25-11.35.56:086][282]LogModuleManager: Shutting down and abandoning module AIModule (446)
[2020.05.25-11.35.56:086][282]LogModuleManager: Shutting down and abandoning module GameplayDebugger (445)
[2020.05.25-11.35.56:086][282]LogModuleManager: Shutting down and abandoning module AITestSuite (443)
[2020.05.25-11.35.56:086][282]LogModuleManager: Shutting down and abandoning module NavigationSystem (441)
[2020.05.25-11.35.56:086][282]LogModuleManager: Shutting down and abandoning module ImageWriteQueue (438)
[2020.05.25-11.35.56:096][282]LogModuleManager: Shutting down and abandoning module ProfilerService (436)
[2020.05.25-11.35.56:132][282]LogModuleManager: Shutting down and abandoning module TaskGraph (434)
[2020.05.25-11.35.56:134][282]LogModuleManager: Shutting down and abandoning module ScreenshotTools (432)
[2020.05.25-11.35.56:134][282]LogModuleManager: Shutting down and abandoning module SteamVRController (430)
[2020.05.25-11.35.56:134][282]LogModuleManager: Shutting down and abandoning module SteamController (428)
[2020.05.25-11.35.56:134][282]LogModuleManager: Shutting down and abandoning module ProceduralMeshComponentEditor (426)
[2020.05.25-11.35.56:135][282]LogModuleManager: Shutting down and abandoning module ProceduralMeshComponent (424)
[2020.05.25-11.35.56:135][282]LogModuleManager: Shutting down and abandoning module OculusEditor (422)
[2020.05.25-11.35.56:135][282]LogModuleManager: Shutting down and abandoning module OculusInput (420)
[2020.05.25-11.35.56:135][282]LogModuleManager: Shutting down and abandoning module MobilePatchingUtils (418)
[2020.05.25-11.35.56:135][282]LogModuleManager: Shutting down and abandoning module EditableMesh (416)
[2020.05.25-11.35.56:135][282]LogModuleManager: Shutting down and abandoning module CustomMeshComponent (414)
[2020.05.25-11.35.56:135][282]LogModuleManager: Shutting down and abandoning module CableComponent (412)
[2020.05.25-11.35.56:135][282]LogModuleManager: Shutting down and abandoning module AudioCapture (410)
[2020.05.25-11.35.56:135][282]LogModuleManager: Shutting down and abandoning module ArchVisCharacter (408)
[2020.05.25-11.35.56:135][282]LogModuleManager: Shutting down and abandoning module AppleImageUtilsBlueprintSupport (406)
[2020.05.25-11.35.56:135][282]LogModuleManager: Shutting down and abandoning module AppleImageUtils (404)
[2020.05.25-11.35.56:135][282]LogModuleManager: Shutting down and abandoning module AndroidPermission (402)
[2020.05.25-11.35.56:135][282]LogModuleManager: Shutting down and abandoning module NUTUnrealEngine4 (400)
[2020.05.25-11.35.56:135][282]LogModuleManager: Shutting down and abandoning module NetcodeUnitTest (398)
[2020.05.25-11.35.56:136][282]LogModuleManager: Shutting down and abandoning module MediaCompositing (396)
[2020.05.25-11.35.56:136][282]LogModuleManager: Shutting down and abandoning module ImgMedia (394)
[2020.05.25-11.35.56:136][282]LogModuleManager: Shutting down and abandoning module MagicLeapHelperVulkan (392)
[2020.05.25-11.35.56:136][282]LogModuleManager: Shutting down and abandoning module MagicLeapHelperOpenGL (390)
[2020.05.25-11.35.56:136][282]LogModuleManager: Shutting down and abandoning module MagicLeapAudio (388)
[2020.05.25-11.35.56:136][282]LogModuleManager: Shutting down and abandoning module HTML5Networking (386)
[2020.05.25-11.35.56:136][282]LogModuleManager: Shutting down and abandoning module GeometryCacheTracks (384)
[2020.05.25-11.35.56:137][282]LogModuleManager: Shutting down and abandoning module GeometryCacheSequencer (382)
[2020.05.25-11.35.56:137][282]LogModuleManager: Shutting down and abandoning module BackChannel (380)
[2020.05.25-11.35.56:137][282]LogModuleManager: Shutting down and abandoning module AutomationUtilsEditor (378)
[2020.05.25-11.35.56:137][282]LogModuleManager: Shutting down and abandoning module AutomationUtils (376)
[2020.05.25-11.35.56:137][282]LogModuleManager: Shutting down and abandoning module AlembicImporter (374)
[2020.05.25-11.35.56:137][282]LogModuleManager: Shutting down and abandoning module AlembicLibrary (373)
[2020.05.25-11.35.56:137][282]LogModuleManager: Shutting down and abandoning module GeometryCache (372)
[2020.05.25-11.35.56:137][282]LogModuleManager: Shutting down and abandoning module GeometryCacheEd (371)
[2020.05.25-11.35.56:137][282]LogModuleManager: Shutting down and abandoning module VariantManagerContent (366)
[2020.05.25-11.35.56:137][282]LogModuleManager: Shutting down and abandoning module DatasmithContentEditor (364)
[2020.05.25-11.35.56:137][282]LogModuleManager: Shutting down and abandoning module SpeedTreeImporter (362)
[2020.05.25-11.35.56:137][282]LogModuleManager: Shutting down and abandoning module PluginBrowser (360)
[2020.05.25-11.35.56:137][282]LogModuleManager: Shutting down and abandoning module MobileLauncherProfileWizard (358)
[2020.05.25-11.35.56:137][282]LogModuleManager: Shutting down and abandoning module MaterialAnalyzer (356)
[2020.05.25-11.35.56:138][282]LogModuleManager: Shutting down and abandoning module CurveEditorTools (354)
[2020.05.25-11.35.56:138][282]LogModuleManager: Shutting down and abandoning module CurveEditor (353)
[2020.05.25-11.35.56:138][282]LogModuleManager: Shutting down and abandoning module CryptoKeysOpenSSL (350)
[2020.05.25-11.35.56:138][282]LogModuleManager: Shutting down and abandoning module CryptoKeys (348)
[2020.05.25-11.35.56:138][282]LogModuleManager: Shutting down and abandoning module VisualStudioSourceCodeAccess (346)
[2020.05.25-11.35.56:138][282]LogModuleManager: Shutting down and abandoning module VisualStudioCodeSourceCodeAccess (344)
[2020.05.25-11.35.56:138][282]LogModuleManager: Shutting down and abandoning module UObjectPlugin (342)
[2020.05.25-11.35.56:138][282]LogModuleManager: Shutting down and abandoning module SubversionSourceControl (340)
[2020.05.25-11.35.56:138][282]LogModuleManager: Shutting down and abandoning module PerforceSourceControl (338)
[2020.05.25-11.35.56:138][282]LogModuleManager: Shutting down and abandoning module GitSourceControl (336)
[2020.05.25-11.35.56:138][282]LogModuleManager: Shutting down and abandoning module SourceControl (335)
[2020.05.25-11.35.56:139][282]LogModuleManager: Shutting down and abandoning module CLionSourceCodeAccess (332)
[2020.05.25-11.35.56:139][282]LogModuleManager: Shutting down and abandoning module AnimationSharingEd (330)
[2020.05.25-11.35.56:139][282]LogModuleManager: Shutting down and abandoning module ActorLayerUtilitiesEditor (328)
[2020.05.25-11.35.56:139][282]LogModuleManager: Shutting down and abandoning module ActorLayerUtilities (326)
[2020.05.25-11.35.56:139][282]LogModuleManager: Shutting down and abandoning module LightPropagationVolumeEditor (324)
[2020.05.25-11.35.56:139][282]LogModuleManager: Shutting down and abandoning module PaperTiledImporter (322)
[2020.05.25-11.35.56:139][282]LogModuleManager: Shutting down and abandoning module PaperSpriteSheetImporter (320)
[2020.05.25-11.35.56:139][282]LogModuleManager: Shutting down and abandoning module Paper2DEditor (318)
[2020.05.25-11.35.56:139][282]LogModuleManager: Shutting down and abandoning module MultiplayerTemplate (316)
[2020.05.25-11.35.56:139][282]LogModuleManager: Shutting down and abandoning module AdvancedSteamSessions (314)
[2020.05.25-11.35.56:139][282]LogModuleManager: Shutting down and abandoning module AdvancedSessions (312)
[2020.05.25-11.35.56:139][282]LogModuleManager: Shutting down and abandoning module SignificanceManager (310)
[2020.05.25-11.35.56:139][282]LogModuleManager: Shutting down and abandoning module RuntimePhysXCooking (308)
[2020.05.25-11.35.56:139][282]LogModuleManager: Shutting down and abandoning module PhysXVehiclesEditor (306)
[2020.05.25-11.35.56:140][282]LogModuleManager: Shutting down and abandoning module LocationServicesBPLibrary (302)
[2020.05.25-11.35.56:140][282]LogModuleManager: Shutting down and abandoning module ActorSequence (300)
[2020.05.25-11.35.56:140][282]LogModuleManager: Shutting down and abandoning module UdpMessaging (298)
[2020.05.25-11.35.56:241][282]LogModuleManager: Shutting down and abandoning module TcpMessaging (296)
[2020.05.25-11.35.56:341][282]LogModuleManager: Shutting down and abandoning module MagicLeapIdentity (294)
[2020.05.25-11.35.56:341][282]LogModuleManager: Shutting down and abandoning module MagicLeapSecureStorage (292)
[2020.05.25-11.35.56:341][282]LogModuleManager: Shutting down and abandoning module MagicLeapHandTracking (290)
[2020.05.25-11.35.56:341][282]LogModuleManager: Shutting down and abandoning module MagicLeapEyeTracker (288)
[2020.05.25-11.35.56:342][282]LogModuleManager: Shutting down and abandoning module MagicLeapController (286)
[2020.05.25-11.35.56:342][282]LogSlate: Slate User Destroyed.  User Index 0, Is Virtual User: 0
[2020.05.25-11.35.56:342][282]LogModuleManager: Shutting down and abandoning module MagicLeapAR (284)
[2020.05.25-11.35.56:342][282]LogModuleManager: Shutting down and abandoning module AugmentedReality (283)
[2020.05.25-11.35.56:342][282]LogModuleManager: Shutting down and abandoning module GameplayTagsEditor (280)
[2020.05.25-11.35.56:342][282]LogModuleManager: Shutting down and abandoning module FacialAnimationEditor (278)
[2020.05.25-11.35.56:342][282]LogModuleManager: Shutting down and abandoning module FacialAnimation (276)
[2020.05.25-11.35.56:342][282]LogModuleManager: Shutting down and abandoning module DataValidation (274)
[2020.05.25-11.35.56:343][282]LogModuleManager: Shutting down and abandoning module AssetManagerEditor (272)
[2020.05.25-11.35.56:343][282]LogModuleManager: Shutting down and abandoning module LevelEditor (271)
[2020.05.25-11.35.56:345][282]LogModuleManager: Shutting down and abandoning module PixelInspectorModule (270)
[2020.05.25-11.35.56:345][282]LogModuleManager: Shutting down and abandoning module CommonMenuExtensions (268)
[2020.05.25-11.35.56:345][282]LogModuleManager: Shutting down and abandoning module MainFrame (266)
[2020.05.25-11.35.56:345][282]LogModuleManager: Shutting down and abandoning module HotReload (265)
[2020.05.25-11.35.56:346][282]LogModuleManager: Shutting down and abandoning module ContentBrowser (261)
[2020.05.25-11.35.56:348][282]LogModuleManager: Shutting down and abandoning module TreeMap (259)
[2020.05.25-11.35.56:349][282]LogModuleManager: Shutting down and abandoning module AnimationSharing (256)
[2020.05.25-11.35.56:349][282]LogModuleManager: Shutting down and abandoning module LightPropagationVolumeRuntime (254)
[2020.05.25-11.35.56:349][282]LogModuleManager: Shutting down and abandoning module Paper2D (252)
[2020.05.25-11.35.56:349][282]LogModuleManager: Shutting down and abandoning module WindowsMoviePlayer (250)
[2020.05.25-11.35.56:354][282]LogModuleManager: Shutting down and abandoning module WebMMoviePlayer (248)
[2020.05.25-11.35.56:355][282]LogModuleManager: Shutting down and abandoning module NetworkReplayStreaming (246)
[2020.05.25-11.35.56:355][282]LogModuleManager: Shutting down and abandoning module PacketHandler (244)
[2020.05.25-11.35.56:355][282]LogModuleManager: Shutting down and abandoning module ClothingSystemEditor (242)
[2020.05.25-11.35.56:355][282]LogModuleManager: Shutting down and abandoning module ClothingSystemRuntime (240)
[2020.05.25-11.35.56:355][282]LogModuleManager: Shutting down and abandoning module MediaAssets (238)
[2020.05.25-11.35.56:355][282]LogModuleManager: Shutting down and abandoning module Overlay (236)
[2020.05.25-11.35.56:355][282]LogModuleManager: Shutting down and abandoning module OverlayEditor (235)
[2020.05.25-11.35.56:355][282]LogModuleManager: Shutting down and abandoning module VREditor (232)
[2020.05.25-11.35.56:355][282]LogModuleManager: Shutting down and abandoning module StringTableEditor (230)
[2020.05.25-11.35.56:356][282]LogModuleManager: Shutting down and abandoning module GameplayTasksEditor (228)
[2020.05.25-11.35.56:356][282]LogModuleManager: Shutting down and abandoning module BehaviorTreeEditor (226)
[2020.05.25-11.35.56:356][282]LogModuleManager: Shutting down and abandoning module FunctionalTesting (224)
[2020.05.25-11.35.56:356][282]LogModuleManager: Shutting down and abandoning module CollisionAnalyzer (222)
[2020.05.25-11.35.56:356][282]LogModuleManager: Shutting down and abandoning module WorkspaceMenuStructure (221)
[2020.05.25-11.35.56:356][282]LogModuleManager: Shutting down and abandoning module UMG (218)
[2020.05.25-11.35.56:356][282]LogModuleManager: Shutting down and abandoning module UMGEditor (217)
[2020.05.25-11.35.56:356][282]LogModuleManager: Shutting down and abandoning module Sequencer (216)
[2020.05.25-11.35.56:357][282]LogModuleManager: Shutting down and abandoning module MessageLog (213)
[2020.05.25-11.35.56:357][282]LogModuleManager: Shutting down and abandoning module SlateReflector (208)
[2020.05.25-11.35.56:357][282]LogModuleManager: Shutting down and abandoning module Slate (206)
[2020.05.25-11.35.56:357][282]LogModuleManager: Shutting down and abandoning module LandscapeEditorUtilities (204)
[2020.05.25-11.35.56:357][282]LogModuleManager: Shutting down and abandoning module EditorStyle (202)
[2020.05.25-11.35.56:360][282]LogModuleManager: Shutting down and abandoning module UnrealEd (200)
[2020.05.25-11.35.56:360][282]LogModuleManager: Shutting down and abandoning module MRMesh (198)
[2020.05.25-11.35.56:360][282]LogModuleManager: Shutting down and abandoning module SourceCodeAccess (196)
[2020.05.25-11.35.56:360][282]LogModuleManager: Shutting down and abandoning module HeadMountedDisplay (194)
[2020.05.25-11.35.56:360][282]LogModuleManager: Shutting down and abandoning module XAudio2 (192)
[2020.05.25-11.35.56:360][282]LogModuleManager: Shutting down and abandoning module Networking (190)
[2020.05.25-11.35.56:360][282]LogModuleManager: Shutting down and abandoning module Core (188)
[2020.05.25-11.35.56:360][282]LogModuleManager: Shutting down and abandoning module KismetCompiler (186)
[2020.05.25-11.35.56:360][282]LogModuleManager: Shutting down and abandoning module MeshUtilities (184)
[2020.05.25-11.35.56:361][282]LogModuleManager: Shutting down and abandoning module MeshMergeUtilities (183)
[2020.05.25-11.35.56:361][282]LogModuleManager: Shutting down and abandoning module MeshReductionInterface (182)
[2020.05.25-11.35.56:361][282]LogModuleManager: Shutting down and abandoning module SkeletalMeshReduction (181)
[2020.05.25-11.35.56:361][282]LogModuleManager: Shutting down and abandoning module ProxyLODMeshReduction (179)
[2020.05.25-11.35.56:361][282]LogModuleManager: Shutting down and abandoning module QuadricMeshReduction (177)
[2020.05.25-11.35.56:361][282]LogModuleManager: Shutting down and abandoning module MaterialBaking (173)
[2020.05.25-11.35.56:361][282]LogModuleManager: Shutting down and abandoning module NullInstallBundleManager (168)
[2020.05.25-11.35.56:361][282]LogModuleManager: Shutting down and abandoning module DerivedDataCache (166)
[2020.05.25-11.35.56:806][282]LogDerivedDataCache: Shutdown
[2020.05.25-11.35.56:806][282]LogModuleManager: Shutting down and abandoning module XGEController (164)
[2020.05.25-11.35.56:807][282]LogModuleManager: Shutting down and abandoning module TargetPlatform (162)
[2020.05.25-11.35.56:807][282]LogModuleManager: Shutting down and abandoning module VulkanShaderFormat (161)
[2020.05.25-11.35.56:807][282]LogModuleManager: Shutting down and abandoning module ShaderFormatVectorVM (159)
[2020.05.25-11.35.56:807][282]LogModuleManager: Shutting down and abandoning module ShaderFormatOpenGL (157)
[2020.05.25-11.35.56:807][282]LogModuleManager: Shutting down and abandoning module ShaderFormatD3D (155)
[2020.05.25-11.35.56:807][282]LogModuleManager: Shutting down and abandoning module MetalShaderFormat (153)
[2020.05.25-11.35.56:807][282]LogModuleManager: Shutting down and abandoning module TextureFormatUncompressed (151)
[2020.05.25-11.35.56:807][282]LogModuleManager: Shutting down and abandoning module TextureFormatPVR (149)
[2020.05.25-11.35.56:807][282]LogModuleManager: Shutting down and abandoning module TextureFormatDXT (147)
[2020.05.25-11.35.56:807][282]LogModuleManager: Shutting down and abandoning module TextureFormatIntelISPCTexComp (145)
[2020.05.25-11.35.56:807][282]LogModuleManager: Shutting down and abandoning module TextureFormatASTC (143)
[2020.05.25-11.35.56:807][282]LogModuleManager: Shutting down and abandoning module ImageWrapper (142)
[2020.05.25-11.35.56:807][282]LogModuleManager: Shutting down and abandoning module TextureFormatAndroid (139)
[2020.05.25-11.35.56:807][282]LogModuleManager: Shutting down and abandoning module AudioFormatOpus (137)
[2020.05.25-11.35.56:807][282]LogModuleManager: Shutting down and abandoning module AudioFormatOgg (135)
[2020.05.25-11.35.56:807][282]LogModuleManager: Shutting down and abandoning module AudioFormatADPCM (133)
[2020.05.25-11.35.56:807][282]LogModuleManager: Shutting down and abandoning module LuminTargetPlatform (131)
[2020.05.25-11.35.56:808][282]LogModuleManager: Shutting down and abandoning module LinuxTargetPlatform (129)
[2020.05.25-11.35.56:808][282]LogModuleManager: Shutting down and abandoning module LinuxServerTargetPlatform (127)
[2020.05.25-11.35.56:808][282]LogModuleManager: Shutting down and abandoning module LinuxNoEditorTargetPlatform (125)
[2020.05.25-11.35.56:808][282]LogModuleManager: Shutting down and abandoning module LinuxClientTargetPlatform (123)
[2020.05.25-11.35.56:808][282]LogModuleManager: Shutting down and abandoning module TVOSTargetPlatform (121)
[2020.05.25-11.35.56:809][282]LogModuleManager: Shutting down and abandoning module Messaging (119)
[2020.05.25-11.35.56:809][282]LogModuleManager: Shutting down and abandoning module IOSTargetPlatform (117)
[2020.05.25-11.35.56:809][282]LogModuleManager: Shutting down and abandoning module HTML5TargetPlatform (115)
[2020.05.25-11.35.56:809][282]LogModuleManager: Shutting down and abandoning module AndroidTargetPlatform (113)
[2020.05.25-11.35.56:817][282]LogModuleManager: Shutting down and abandoning module WindowsTargetPlatform (111)
[2020.05.25-11.35.56:817][282]LogModuleManager: Shutting down and abandoning module WindowsServerTargetPlatform (109)
[2020.05.25-11.35.56:817][282]LogModuleManager: Shutting down and abandoning module WindowsNoEditorTargetPlatform (107)
[2020.05.25-11.35.56:817][282]LogModuleManager: Shutting down and abandoning module WindowsClientTargetPlatform (105)
[2020.05.25-11.35.56:817][282]LogModuleManager: Shutting down and abandoning module MacTargetPlatform (103)
[2020.05.25-11.35.56:818][282]LogModuleManager: Shutting down and abandoning module MacServerTargetPlatform (101)
[2020.05.25-11.35.56:818][282]LogModuleManager: Shutting down and abandoning module MacNoEditorTargetPlatform (99)
[2020.05.25-11.35.56:818][282]LogModuleManager: Shutting down and abandoning module MacClientTargetPlatform (97)
[2020.05.25-11.35.56:818][282]LogModuleManager: Shutting down and abandoning module AllDesktopTargetPlatform (95)
[2020.05.25-11.35.56:818][282]LogModuleManager: Shutting down and abandoning module InputCore (92)
[2020.05.25-11.35.56:818][282]LogModuleManager: Shutting down and abandoning module Settings (90)
[2020.05.25-11.35.56:818][282]LogModuleManager: Shutting down and abandoning module DirectoryWatcher (88)
[2020.05.25-11.35.56:818][282]LogModuleManager: Shutting down and abandoning module PhysXCooking (86)
[2020.05.25-11.35.56:818][282]LogModuleManager: Shutting down and abandoning module WindowsPlatformFeatures (84)
[2020.05.25-11.35.56:818][282]LogModuleManager: Shutting down and abandoning module GameplayMediaEncoder (83)
[2020.05.25-11.35.56:818][282]LogModuleManager: Shutting down and abandoning module SteamVR (80)
[2020.05.25-11.35.56:818][282]LogHMD: Freeing OpenVRDLLHandle.
[2020.05.25-11.35.56:818][282]LogModuleManager: Shutting down and abandoning module OculusHMD (78)
[2020.05.25-11.35.56:818][282]LogModuleManager: Shutting down and abandoning module ExampleDeviceProfileSelector (76)
[2020.05.25-11.35.56:818][282]LogModuleManager: Shutting down and abandoning module LauncherChunkInstaller (74)
[2020.05.25-11.35.56:818][282]LogModuleManager: Shutting down and abandoning module OnlineBlueprintSupport (72)
[2020.05.25-11.35.56:818][282]LogModuleManager: Shutting down and abandoning module OnlineSubsystem (68)
[2020.05.25-11.35.56:819][282]LogModuleManager: Shutting down and abandoning module XMPP (61)
[2020.05.25-11.35.56:819][282]LogModuleManager: Shutting down and abandoning module WebSockets (60)
[2020.05.25-11.35.56:828][282]LogModuleManager: Shutting down and abandoning module HTTP (57)
[2020.05.25-11.35.56:828][282]LogHttp: Display: Http module shutting down, but needs to wait on 1 outstanding Http requests:
[2020.05.25-11.35.56:828][282]LogHttp: Display: 	verb=[POST] url=[https://datarouter.ol.epicgames.com/datarouter/api/v1/public/data?SessionID=%7B4E6A693C-407F-120E-5572-2CA245665F2F%7D&AppID=UEEditor.Rocket.Release&AppVersion=4.23.1-9631420%2B%2B%2BUE4%2BRelease-4.23&UserID=ba9a9cfa43213710fb7625a010150dff%7C3fc886b8f4f44a23a57c6520132eef4d%7Cbaf403ae-2f5c-4422-ae1f-5f80d82fe943&AppEnvironment=datacollector-binary&UploadType=eteventstream] status=Processing
[2020.05.25-11.35.56:850][282]LogModuleManager: Shutting down and abandoning module SSL (56)
[2020.05.25-11.35.56:851][282]LogModuleManager: Shutting down and abandoning module WmfMedia (52)
[2020.05.25-11.35.56:853][282]LogModuleManager: Shutting down and abandoning module Media (51)
[2020.05.25-11.35.56:854][282]LogModuleManager: Shutting down and abandoning module MagicLeap (48)
[2020.05.25-11.35.56:854][282]LogModuleManager: Shutting down and abandoning module DatasmithContent (46)
[2020.05.25-11.35.56:854][282]LogModuleManager: Shutting down and abandoning module AISupportModule (44)
[2020.05.25-11.35.56:854][282]LogModuleManager: Shutting down and abandoning module PlatformCryptoOpenSSL (42)
[2020.05.25-11.35.56:854][282]LogModuleManager: Shutting down and abandoning module PlatformCrypto (40)
[2020.05.25-11.35.56:854][282]LogModuleManager: Shutting down and abandoning module AnimationModifiers (38)
[2020.05.25-11.35.56:855][282]LogModuleManager: Shutting down and abandoning module PropertyEditor (37)
[2020.05.25-11.35.56:855][282]LogModuleManager: Shutting down and abandoning module AudioEditor (34)
[2020.05.25-11.35.56:855][282]LogModuleManager: Shutting down and abandoning module TextureCompressor (32)
[2020.05.25-11.35.56:855][282]LogModuleManager: Shutting down and abandoning module RenderCore (30)
[2020.05.25-11.35.56:855][282]LogModuleManager: Shutting down and abandoning module Landscape (28)
[2020.05.25-11.35.56:855][282]LogModuleManager: Shutting down and abandoning module SlateRHIRenderer (26)
[2020.05.25-11.35.56:857][282]LogModuleManager: Shutting down and abandoning module OpenGLDrv (24)
[2020.05.25-11.35.56:857][282]LogModuleManager: Shutting down and abandoning module D3D11RHI (22)
[2020.05.25-11.35.56:857][282]LogModuleManager: Shutting down and abandoning module AnimGraphRuntime (20)
[2020.05.25-11.35.56:857][282]LogModuleManager: Shutting down and abandoning module Renderer (18)
[2020.05.25-11.35.56:857][282]LogModuleManager: Shutting down and abandoning module Engine (16)
[2020.05.25-11.35.56:857][282]LogModuleManager: Shutting down and abandoning module CoreUObject (14)
[2020.05.25-11.35.56:857][282]LogModuleManager: Shutting down and abandoning module NetworkFile (12)
[2020.05.25-11.35.56:857][282]LogModuleManager: Shutting down and abandoning module CookedIterativeFile (10)
[2020.05.25-11.35.56:857][282]LogModuleManager: Shutting down and abandoning module StreamingFile (8)
[2020.05.25-11.35.56:857][282]LogModuleManager: Shutting down and abandoning module SandboxFile (6)
[2020.05.25-11.35.56:857][282]LogModuleManager: Shutting down and abandoning module PakFile (4)
[2020.05.25-11.35.56:857][282]LogModuleManager: Shutting down and abandoning module RSA (3)
[2020.05.25-11.35.56:858][282]LogD3D11RHI: Shutdown
[2020.05.25-11.35.56:858][282]LogD3D11RHI: CleanupD3DDevice
[2020.05.25-11.35.56:860][282]LogRendererCore: FGlobalDynamicReadBuffer::Cleanup()
[2020.05.25-11.35.56:860][282]LogRendererCore: FGlobalDynamicReadBuffer::Cleanup()
[2020.05.25-11.35.56:860][282]LogRendererCore: FGlobalDynamicReadBuffer::Cleanup()
[2020.05.25-11.35.56:925][282]LogD3D11RHI: ~FD3D11DynamicRHI
[2020.05.25-11.35.56:932][282]LogExit: Exiting.
[2020.05.25-11.35.56:937][282]Log file closed, 05/25/20 14:35:56
